0 verbose cli /home/vagrant/.nvm/versions/node/v19.2.0/bin/node /home/vagrant/.nvm/versions/node/v19.2.0/bin/npm
1 info using npm@8.19.3
2 info using node@v19.2.0
3 timing npm:load:whichnode Completed in 0ms
4 timing config:load:defaults Completed in 1ms
5 timing config:load:file:/home/vagrant/.nvm/versions/node/v19.2.0/lib/node_modules/npm/npmrc Completed in 1ms
6 timing config:load:builtin Completed in 1ms
7 timing config:load:cli Completed in 1ms
8 timing config:load:env Completed in 0ms
9 timing config:load:project Completed in 9ms
10 timing config:load:file:/home/vagrant/.npmrc Completed in 0ms
11 timing config:load:user Completed in 0ms
12 timing config:load:file:/home/vagrant/.nvm/versions/node/v19.2.0/etc/npmrc Completed in 0ms
13 timing config:load:global Completed in 0ms
14 timing config:load:validate Completed in 0ms
15 timing config:load:credentials Completed in 2ms
16 timing config:load:setEnvs Completed in 1ms
17 timing config:load Completed in 15ms
18 timing npm:load:configload Completed in 15ms
19 timing npm:load:mkdirpcache Completed in 0ms
20 timing npm:load:mkdirplogs Completed in 1ms
21 verbose title npm install eslint-config-prettier
22 verbose argv "install" "--save-dev" "eslint-config-prettier"
23 timing npm:load:setTitle Completed in 0ms
24 timing config:load:flatten Completed in 1ms
25 timing npm:load:display Completed in 2ms
26 verbose logfile logs-max:10 dir:/home/vagrant/.npm/_logs
27 verbose logfile /home/vagrant/.npm/_logs/2022-12-23T02_26_17_333Z-debug-0.log
28 timing npm:load:logFile Completed in 3ms
29 timing npm:load:timers Completed in 0ms
30 timing npm:load:configScope Completed in 0ms
31 timing npm:load Completed in 22ms
32 timing arborist:ctor Completed in 0ms
33 silly logfile start cleaning logs, removing 1 files
34 silly logfile done cleaning log files
35 timing arborist:ctor Completed in 0ms
36 timing idealTree:init Completed in 5ms
37 timing idealTree:userRequests Completed in 1ms
38 silly idealTree buildDeps
39 silly fetch manifest eslint-config-prettier@*
40 http fetch GET 200 https://registry.npmjs.org/eslint-config-prettier 300ms (cache miss)
41 silly fetch manifest eslint@>=7.0.0
42 http fetch GET 200 https://registry.npmjs.org/eslint 65ms (cache revalidated)
43 silly placeDep ROOT eslint-config-prettier@8.5.0 OK for:  want: *
44 silly placeDep ROOT eslint@8.30.0 OK for: eslint-config-prettier@8.5.0 want: >=7.0.0
45 silly fetch manifest @eslint/eslintrc@^1.4.0
46 silly fetch manifest @humanwhocodes/config-array@^0.11.8
47 silly fetch manifest @humanwhocodes/module-importer@^1.0.1
48 silly fetch manifest @nodelib/fs.walk@^1.2.8
49 silly fetch manifest ajv@^6.10.0
50 silly fetch manifest chalk@^4.0.0
51 silly fetch manifest cross-spawn@^7.0.2
52 silly fetch manifest debug@^4.3.2
53 silly fetch manifest doctrine@^3.0.0
54 silly fetch manifest escape-string-regexp@^4.0.0
55 silly fetch manifest eslint-scope@^7.1.1
56 silly fetch manifest eslint-utils@^3.0.0
57 silly fetch manifest eslint-visitor-keys@^3.3.0
58 silly fetch manifest espree@^9.4.0
59 silly fetch manifest esquery@^1.4.0
60 silly fetch manifest esutils@^2.0.2
61 silly fetch manifest fast-deep-equal@^3.1.3
62 silly fetch manifest file-entry-cache@^6.0.1
63 silly fetch manifest find-up@^5.0.0
64 silly fetch manifest glob-parent@^6.0.2
65 silly fetch manifest globals@^13.19.0
66 silly fetch manifest grapheme-splitter@^1.0.4
67 silly fetch manifest ignore@^5.2.0
68 silly fetch manifest import-fresh@^3.0.0
69 silly fetch manifest imurmurhash@^0.1.4
70 silly fetch manifest is-glob@^4.0.0
71 silly fetch manifest is-path-inside@^3.0.3
72 silly fetch manifest js-sdsl@^4.1.4
73 silly fetch manifest js-yaml@^4.1.0
74 silly fetch manifest json-stable-stringify-without-jsonify@^1.0.1
75 silly fetch manifest levn@^0.4.1
76 silly fetch manifest lodash.merge@^4.6.2
77 silly fetch manifest minimatch@^3.1.2
78 silly fetch manifest natural-compare@^1.4.0
79 silly fetch manifest optionator@^0.9.1
80 silly fetch manifest regexpp@^3.2.0
81 silly fetch manifest strip-ansi@^6.0.1
82 silly fetch manifest strip-json-comments@^3.1.0
83 silly fetch manifest text-table@^0.2.0
84 http fetch GET 200 https://registry.npmjs.org/@eslint%2feslintrc 132ms (cache revalidated)
85 http fetch GET 200 https://registry.npmjs.org/eslint-visitor-keys 163ms (cache revalidated)
86 http fetch GET 200 https://registry.npmjs.org/ajv 178ms (cache revalidated)
87 http fetch GET 200 https://registry.npmjs.org/escape-string-regexp 182ms (cache revalidated)
88 http fetch GET 200 https://registry.npmjs.org/cross-spawn 186ms (cache revalidated)
89 http fetch GET 200 https://registry.npmjs.org/eslint-utils 187ms (cache revalidated)
90 http fetch GET 200 https://registry.npmjs.org/chalk 191ms (cache revalidated)
91 http fetch GET 200 https://registry.npmjs.org/esquery 192ms (cache revalidated)
92 http fetch GET 200 https://registry.npmjs.org/@nodelib%2ffs.walk 200ms (cache revalidated)
93 http fetch GET 200 https://registry.npmjs.org/debug 201ms (cache revalidated)
94 http fetch GET 200 https://registry.npmjs.org/@humanwhocodes%2fmodule-importer 204ms (cache revalidated)
95 http fetch GET 200 https://registry.npmjs.org/doctrine 203ms (cache revalidated)
96 http fetch GET 200 https://registry.npmjs.org/fast-deep-equal 203ms (cache revalidated)
97 http fetch GET 200 https://registry.npmjs.org/eslint-scope 206ms (cache revalidated)
98 http fetch GET 200 https://registry.npmjs.org/@humanwhocodes%2fconfig-array 210ms (cache revalidated)
99 http fetch GET 200 https://registry.npmjs.org/file-entry-cache 206ms (cache revalidated)
100 http fetch GET 200 https://registry.npmjs.org/esutils 210ms (cache revalidated)
101 http fetch GET 200 https://registry.npmjs.org/glob-parent 210ms (cache revalidated)
102 http fetch GET 200 https://registry.npmjs.org/grapheme-splitter 224ms (cache revalidated)
103 http fetch GET 200 https://registry.npmjs.org/globals 237ms (cache revalidated)
104 http fetch GET 200 https://registry.npmjs.org/js-yaml 235ms (cache revalidated)
105 http fetch GET 200 https://registry.npmjs.org/js-sdsl 239ms (cache revalidated)
106 http fetch GET 200 https://registry.npmjs.org/is-glob 242ms (cache revalidated)
107 http fetch GET 200 https://registry.npmjs.org/imurmurhash 255ms (cache revalidated)
108 http fetch GET 200 https://registry.npmjs.org/levn 254ms (cache revalidated)
109 http fetch GET 200 https://registry.npmjs.org/is-path-inside 256ms (cache revalidated)
110 http fetch GET 200 https://registry.npmjs.org/json-stable-stringify-without-jsonify 255ms (cache revalidated)
111 http fetch GET 200 https://registry.npmjs.org/lodash.merge 267ms (cache revalidated)
112 http fetch GET 200 https://registry.npmjs.org/natural-compare 281ms (cache revalidated)
113 http fetch GET 200 https://registry.npmjs.org/strip-ansi 281ms (cache revalidated)
114 http fetch GET 200 https://registry.npmjs.org/regexpp 286ms (cache revalidated)
115 http fetch GET 200 https://registry.npmjs.org/text-table 301ms (cache revalidated)
116 http fetch GET 200 https://registry.npmjs.org/minimatch 304ms (cache updated)
117 http fetch GET 200 https://registry.npmjs.org/find-up 365ms (cache revalidated)
118 http fetch GET 200 https://registry.npmjs.org/strip-json-comments 402ms (cache revalidated)
119 http fetch GET 200 https://registry.npmjs.org/optionator 434ms (cache revalidated)
120 http fetch GET 200 https://registry.npmjs.org/import-fresh 889ms (cache revalidated)
121 http fetch GET 200 https://registry.npmjs.org/espree 897ms (cache revalidated)
122 http fetch GET 200 https://registry.npmjs.org/ignore 894ms (cache revalidated)
123 timing idealTree:#root Completed in 1290ms
124 silly fetch manifest eslint@>=5
125 silly placeDep ROOT @eslint/eslintrc@1.4.0 OK for: eslint@8.30.0 want: ^1.4.0
126 silly placeDep ROOT @humanwhocodes/config-array@0.11.8 OK for: eslint@8.30.0 want: ^0.11.8
127 silly placeDep ROOT @humanwhocodes/module-importer@1.0.1 OK for: eslint@8.30.0 want: ^1.0.1
128 silly placeDep ROOT @nodelib/fs.walk@1.2.8 OK for: eslint@8.30.0 want: ^1.2.8
129 silly placeDep ROOT ajv@6.12.6 OK for: eslint@8.30.0 want: ^6.10.0
130 silly placeDep ROOT chalk@4.1.2 OK for: eslint@8.30.0 want: ^4.0.0
131 silly placeDep ROOT cross-spawn@7.0.3 OK for: eslint@8.30.0 want: ^7.0.2
132 silly placeDep ROOT debug@4.3.4 OK for: eslint@8.30.0 want: ^4.3.2
133 silly placeDep ROOT doctrine@3.0.0 OK for: eslint@8.30.0 want: ^3.0.0
134 silly placeDep ROOT escape-string-regexp@4.0.0 OK for: eslint@8.30.0 want: ^4.0.0
135 silly placeDep ROOT eslint-scope@7.1.1 OK for: eslint@8.30.0 want: ^7.1.1
136 silly placeDep ROOT eslint-utils@3.0.0 OK for: eslint@8.30.0 want: ^3.0.0
137 silly placeDep ROOT eslint-visitor-keys@3.3.0 OK for: eslint@8.30.0 want: ^3.3.0
138 silly placeDep ROOT espree@9.4.1 OK for: eslint@8.30.0 want: ^9.4.0
139 silly placeDep ROOT esquery@1.4.0 OK for: eslint@8.30.0 want: ^1.4.0
140 silly placeDep ROOT esutils@2.0.3 OK for: eslint@8.30.0 want: ^2.0.2
141 silly placeDep ROOT fast-deep-equal@3.1.3 OK for: eslint@8.30.0 want: ^3.1.3
142 silly placeDep ROOT file-entry-cache@6.0.1 OK for: eslint@8.30.0 want: ^6.0.1
143 silly placeDep ROOT find-up@5.0.0 OK for: eslint@8.30.0 want: ^5.0.0
144 silly placeDep ROOT glob-parent@6.0.2 OK for: eslint@8.30.0 want: ^6.0.2
145 silly placeDep ROOT globals@13.19.0 OK for: eslint@8.30.0 want: ^13.19.0
146 silly placeDep ROOT grapheme-splitter@1.0.4 OK for: eslint@8.30.0 want: ^1.0.4
147 silly placeDep ROOT ignore@5.2.4 OK for: eslint@8.30.0 want: ^5.2.0
148 silly placeDep ROOT import-fresh@3.3.0 OK for: eslint@8.30.0 want: ^3.0.0
149 silly placeDep ROOT imurmurhash@0.1.4 OK for: eslint@8.30.0 want: ^0.1.4
150 silly placeDep ROOT is-glob@4.0.3 OK for: eslint@8.30.0 want: ^4.0.0
151 silly placeDep ROOT is-path-inside@3.0.3 OK for: eslint@8.30.0 want: ^3.0.3
152 silly placeDep ROOT js-sdsl@4.2.0 OK for: eslint@8.30.0 want: ^4.1.4
153 silly placeDep ROOT js-yaml@4.1.0 OK for: eslint@8.30.0 want: ^4.1.0
154 silly placeDep ROOT json-stable-stringify-without-jsonify@1.0.1 OK for: eslint@8.30.0 want: ^1.0.1
155 silly placeDep ROOT levn@0.4.1 OK for: eslint@8.30.0 want: ^0.4.1
156 silly placeDep ROOT lodash.merge@4.6.2 OK for: eslint@8.30.0 want: ^4.6.2
157 silly placeDep ROOT minimatch@3.1.2 OK for: eslint@8.30.0 want: ^3.1.2
158 silly placeDep ROOT natural-compare@1.4.0 OK for: eslint@8.30.0 want: ^1.4.0
159 silly placeDep ROOT optionator@0.9.1 OK for: eslint@8.30.0 want: ^0.9.1
160 silly placeDep ROOT regexpp@3.2.0 OK for: eslint@8.30.0 want: ^3.2.0
161 silly placeDep ROOT strip-ansi@6.0.1 OK for: eslint@8.30.0 want: ^6.0.1
162 silly placeDep ROOT strip-json-comments@3.1.1 OK for: eslint@8.30.0 want: ^3.1.0
163 silly placeDep ROOT text-table@0.2.0 OK for: eslint@8.30.0 want: ^0.2.0
164 silly fetch manifest @humanwhocodes/object-schema@^1.2.1
165 silly fetch manifest @nodelib/fs.scandir@2.1.5
166 silly fetch manifest fastq@^1.6.0
167 silly fetch manifest fast-json-stable-stringify@^2.0.0
168 silly fetch manifest json-schema-traverse@^0.4.1
169 silly fetch manifest uri-js@^4.2.2
170 silly fetch manifest ansi-styles@^4.1.0
171 silly fetch manifest supports-color@^7.1.0
172 silly fetch manifest path-key@^3.1.0
173 silly fetch manifest shebang-command@^2.0.0
174 silly fetch manifest which@^2.0.1
175 silly fetch manifest ms@2.1.2
176 silly fetch manifest esrecurse@^4.3.0
177 silly fetch manifest estraverse@^5.2.0
178 silly fetch manifest eslint-visitor-keys@^2.0.0
179 silly fetch manifest acorn@^8.8.0
180 silly fetch manifest acorn-jsx@^5.3.2
181 silly fetch manifest estraverse@^5.1.0
182 silly fetch manifest flat-cache@^3.0.4
183 silly fetch manifest locate-path@^6.0.0
184 silly fetch manifest path-exists@^4.0.0
185 silly fetch manifest type-fest@^0.20.2
186 silly fetch manifest parent-module@^1.0.0
187 silly fetch manifest resolve-from@^4.0.0
188 silly fetch manifest is-extglob@^2.1.1
189 silly fetch manifest argparse@^2.0.1
190 silly fetch manifest prelude-ls@^1.2.1
191 silly fetch manifest type-check@~0.4.0
192 silly fetch manifest brace-expansion@^1.1.7
193 silly fetch manifest deep-is@^0.1.3
194 silly fetch manifest word-wrap@^1.2.3
195 silly fetch manifest type-check@^0.4.0
196 silly fetch manifest fast-levenshtein@^2.0.6
197 silly fetch manifest ansi-regex@^5.0.1
198 http fetch GET 200 https://registry.npmjs.org/shebang-command 79ms (cache revalidated)
199 http fetch GET 200 https://registry.npmjs.org/ms 81ms (cache revalidated)
200 http fetch GET 200 https://registry.npmjs.org/supports-color 84ms (cache revalidated)
201 http fetch GET 200 https://registry.npmjs.org/estraverse 82ms (cache revalidated)
202 http fetch GET 200 https://registry.npmjs.org/estraverse 83ms (cache revalidated)
203 http fetch GET 200 https://registry.npmjs.org/ansi-styles 96ms (cache revalidated)
204 http fetch GET 200 https://registry.npmjs.org/path-key 103ms (cache revalidated)
205 http fetch GET 200 https://registry.npmjs.org/path-exists 98ms (cache revalidated)
206 http fetch GET 200 https://registry.npmjs.org/uri-js 105ms (cache revalidated)
207 http fetch GET 200 https://registry.npmjs.org/esrecurse 102ms (cache revalidated)
208 http fetch GET 200 https://registry.npmjs.org/acorn 101ms (cache revalidated)
209 http fetch GET 200 https://registry.npmjs.org/locate-path 101ms (cache revalidated)
210 http fetch GET 200 https://registry.npmjs.org/which 107ms (cache revalidated)
211 http fetch GET 200 https://registry.npmjs.org/acorn-jsx 120ms (cache revalidated)
212 http fetch GET 200 https://registry.npmjs.org/resolve-from 118ms (cache revalidated)
213 http fetch GET 200 https://registry.npmjs.org/type-fest 119ms (cache revalidated)
214 http fetch GET 200 https://registry.npmjs.org/flat-cache 123ms (cache revalidated)
215 http fetch GET 200 https://registry.npmjs.org/is-extglob 122ms (cache revalidated)
216 http fetch GET 200 https://registry.npmjs.org/deep-is 138ms (cache revalidated)
217 http fetch GET 200 https://registry.npmjs.org/parent-module 143ms (cache revalidated)
218 http fetch GET 200 https://registry.npmjs.org/argparse 141ms (cache revalidated)
219 http fetch GET 200 https://registry.npmjs.org/brace-expansion 141ms (cache revalidated)
220 http fetch GET 200 https://registry.npmjs.org/prelude-ls 142ms (cache revalidated)
221 http fetch GET 200 https://registry.npmjs.org/type-check 143ms (cache revalidated)
222 http fetch GET 200 https://registry.npmjs.org/type-check 142ms (cache revalidated)
223 http fetch GET 200 https://registry.npmjs.org/word-wrap 145ms (cache revalidated)
224 http fetch GET 200 https://registry.npmjs.org/fast-levenshtein 144ms (cache revalidated)
225 http fetch GET 200 https://registry.npmjs.org/fast-json-stable-stringify 156ms (cache revalidated)
226 http fetch GET 200 https://registry.npmjs.org/ansi-regex 152ms (cache revalidated)
227 http fetch GET 200 https://registry.npmjs.org/@humanwhocodes%2fobject-schema 198ms (cache revalidated)
228 http fetch GET 200 https://registry.npmjs.org/json-schema-traverse 251ms (cache revalidated)
229 http fetch GET 200 https://registry.npmjs.org/fastq 683ms (cache revalidated)
230 http fetch GET 200 https://registry.npmjs.org/@nodelib%2ffs.scandir 1158ms (cache revalidated)
231 timing idealTree:node_modules/eslint Completed in 1213ms
232 timing idealTree:node_modules/@eslint/eslintrc Completed in 0ms
233 silly placeDep ROOT @humanwhocodes/object-schema@1.2.1 OK for: @humanwhocodes/config-array@0.11.8 want: ^1.2.1
234 timing idealTree:node_modules/@humanwhocodes/config-array Completed in 0ms
235 timing idealTree:node_modules/@humanwhocodes/module-importer Completed in 0ms
236 timing idealTree:node_modules/@humanwhocodes/object-schema Completed in 0ms
237 silly placeDep ROOT @nodelib/fs.scandir@2.1.5 OK for: @nodelib/fs.walk@1.2.8 want: 2.1.5
238 silly placeDep ROOT fastq@1.14.0 OK for: @nodelib/fs.walk@1.2.8 want: ^1.6.0
239 silly fetch manifest @nodelib/fs.stat@2.0.5
240 silly fetch manifest run-parallel@^1.1.9
241 silly fetch manifest reusify@^1.0.4
242 http fetch GET 200 https://registry.npmjs.org/reusify 55ms (cache revalidated)
243 http fetch GET 200 https://registry.npmjs.org/@nodelib%2ffs.stat 97ms (cache revalidated)
244 http fetch GET 200 https://registry.npmjs.org/run-parallel 721ms (cache revalidated)
245 timing idealTree:node_modules/@nodelib/fs.walk Completed in 723ms
246 silly placeDep ROOT @nodelib/fs.stat@2.0.5 OK for: @nodelib/fs.scandir@2.1.5 want: 2.0.5
247 silly placeDep ROOT run-parallel@1.2.0 OK for: @nodelib/fs.scandir@2.1.5 want: ^1.1.9
248 silly fetch manifest queue-microtask@^1.2.2
249 http fetch GET 200 https://registry.npmjs.org/queue-microtask 710ms (cache revalidated)
250 timing idealTree:node_modules/@nodelib/fs.scandir Completed in 717ms
251 timing idealTree:node_modules/@nodelib/fs.stat Completed in 0ms
252 silly placeDep ROOT fast-json-stable-stringify@2.1.0 OK for: ajv@6.12.6 want: ^2.0.0
253 silly placeDep ROOT json-schema-traverse@0.4.1 OK for: ajv@6.12.6 want: ^0.4.1
254 silly placeDep ROOT uri-js@4.4.1 OK for: ajv@6.12.6 want: ^4.2.2
255 silly fetch manifest punycode@^2.1.0
256 http fetch GET 200 https://registry.npmjs.org/punycode 73ms (cache revalidated)
257 timing idealTree:node_modules/ajv Completed in 80ms
258 silly placeDep ROOT ansi-styles@4.3.0 OK for: chalk@4.1.2 want: ^4.1.0
259 silly placeDep ROOT supports-color@7.2.0 OK for: chalk@4.1.2 want: ^7.1.0
260 silly fetch manifest color-convert@^2.0.1
261 silly fetch manifest has-flag@^4.0.0
262 http fetch GET 200 https://registry.npmjs.org/color-convert 75ms (cache revalidated)
263 http fetch GET 200 https://registry.npmjs.org/has-flag 75ms (cache revalidated)
264 timing idealTree:node_modules/chalk Completed in 81ms
265 silly placeDep ROOT color-convert@2.0.1 OK for: ansi-styles@4.3.0 want: ^2.0.1
266 silly fetch manifest color-name@~1.1.4
267 http fetch GET 200 https://registry.npmjs.org/color-name 69ms (cache revalidated)
268 timing idealTree:node_modules/ansi-styles Completed in 73ms
269 silly placeDep ROOT color-name@1.1.4 OK for: color-convert@2.0.1 want: ~1.1.4
270 timing idealTree:node_modules/color-convert Completed in 2ms
271 timing idealTree:node_modules/color-name Completed in 0ms
272 silly placeDep ROOT path-key@3.1.1 OK for: cross-spawn@7.0.3 want: ^3.1.0
273 silly placeDep ROOT shebang-command@2.0.0 OK for: cross-spawn@7.0.3 want: ^2.0.0
274 silly placeDep ROOT which@2.0.2 OK for: cross-spawn@7.0.3 want: ^2.0.1
275 silly fetch manifest shebang-regex@^3.0.0
276 silly fetch manifest isexe@^2.0.0
277 http fetch GET 200 https://registry.npmjs.org/shebang-regex 75ms (cache revalidated)
278 http fetch GET 200 https://registry.npmjs.org/isexe 653ms (cache revalidated)
279 timing idealTree:node_modules/cross-spawn Completed in 660ms
280 silly placeDep ROOT ms@2.1.2 OK for: debug@4.3.4 want: 2.1.2
281 timing idealTree:node_modules/debug Completed in 2ms
282 timing idealTree:node_modules/doctrine Completed in 0ms
283 timing idealTree:node_modules/escape-string-regexp Completed in 0ms
284 timing idealTree:node_modules/eslint-config-prettier Completed in 0ms
285 silly placeDep ROOT esrecurse@4.3.0 OK for: eslint-scope@7.1.1 want: ^4.3.0
286 silly placeDep ROOT estraverse@5.3.0 OK for: eslint-scope@7.1.1 want: ^5.2.0
287 timing idealTree:node_modules/eslint-scope Completed in 3ms
288 silly placeDep node_modules/eslint-utils eslint-visitor-keys@2.1.0 OK for: eslint-utils@3.0.0 want: ^2.0.0
289 timing idealTree:node_modules/eslint-utils Completed in 2ms
290 timing idealTree:node_modules/eslint-visitor-keys Completed in 0ms
291 silly placeDep ROOT acorn@8.8.1 OK for: espree@9.4.1 want: ^8.8.0
292 silly placeDep ROOT acorn-jsx@5.3.2 OK for: espree@9.4.1 want: ^5.3.2
293 timing idealTree:node_modules/espree Completed in 3ms
294 timing idealTree:node_modules/acorn Completed in 0ms
295 timing idealTree:node_modules/acorn-jsx Completed in 0ms
296 timing idealTree:node_modules/esquery Completed in 0ms
297 timing idealTree:node_modules/esrecurse Completed in 0ms
298 timing idealTree:node_modules/estraverse Completed in 0ms
299 timing idealTree:node_modules/esutils Completed in 0ms
300 timing idealTree:node_modules/fast-deep-equal Completed in 0ms
301 timing idealTree:node_modules/fast-json-stable-stringify Completed in 0ms
302 silly placeDep ROOT reusify@1.0.4 OK for: fastq@1.14.0 want: ^1.0.4
303 timing idealTree:node_modules/fastq Completed in 1ms
304 silly placeDep ROOT flat-cache@3.0.4 OK for: file-entry-cache@6.0.1 want: ^3.0.4
305 silly fetch manifest flatted@^3.1.0
306 silly fetch manifest rimraf@^3.0.2
307 http fetch GET 200 https://registry.npmjs.org/flatted 117ms (cache revalidated)
308 http fetch GET 200 https://registry.npmjs.org/rimraf 126ms (cache revalidated)
309 timing idealTree:node_modules/file-entry-cache Completed in 129ms
310 silly placeDep ROOT locate-path@6.0.0 OK for: find-up@5.0.0 want: ^6.0.0
311 silly placeDep ROOT path-exists@4.0.0 OK for: find-up@5.0.0 want: ^4.0.0
312 silly fetch manifest p-locate@^5.0.0
313 http fetch GET 200 https://registry.npmjs.org/p-locate 695ms (cache revalidated)
314 timing idealTree:node_modules/find-up Completed in 700ms
315 silly placeDep ROOT flatted@3.2.7 OK for: flat-cache@3.0.4 want: ^3.1.0
316 silly placeDep ROOT rimraf@3.0.2 OK for: flat-cache@3.0.4 want: ^3.0.2
317 silly fetch manifest glob@^7.1.3
318 http fetch GET 200 https://registry.npmjs.org/glob 69ms (cache revalidated)
319 timing idealTree:node_modules/flat-cache Completed in 80ms
320 timing idealTree:node_modules/flatted Completed in 1ms
321 timing idealTree:node_modules/glob-parent Completed in 0ms
322 silly placeDep ROOT type-fest@0.20.2 OK for: globals@13.19.0 want: ^0.20.2
323 timing idealTree:node_modules/globals Completed in 2ms
324 timing idealTree:node_modules/grapheme-splitter Completed in 0ms
325 timing idealTree:node_modules/ignore Completed in 0ms
326 silly placeDep ROOT parent-module@1.0.1 OK for: import-fresh@3.3.0 want: ^1.0.0
327 silly placeDep ROOT resolve-from@4.0.0 OK for: import-fresh@3.3.0 want: ^4.0.0
328 silly fetch manifest callsites@^3.0.0
329 http fetch GET 200 https://registry.npmjs.org/callsites 324ms (cache revalidated)
330 timing idealTree:node_modules/import-fresh Completed in 329ms
331 timing idealTree:node_modules/imurmurhash Completed in 0ms
332 silly placeDep ROOT is-extglob@2.1.1 OK for: is-glob@4.0.3 want: ^2.1.1
333 timing idealTree:node_modules/is-glob Completed in 2ms
334 timing idealTree:node_modules/is-extglob Completed in 0ms
335 timing idealTree:node_modules/is-path-inside Completed in 0ms
336 timing idealTree:node_modules/js-sdsl Completed in 0ms
337 silly placeDep ROOT argparse@2.0.1 OK for: js-yaml@4.1.0 want: ^2.0.1
338 timing idealTree:node_modules/js-yaml Completed in 2ms
339 timing idealTree:node_modules/argparse Completed in 0ms
340 timing idealTree:node_modules/json-schema-traverse Completed in 0ms
341 timing idealTree:node_modules/json-stable-stringify-without-jsonify Completed in 0ms
342 silly placeDep ROOT prelude-ls@1.2.1 OK for: levn@0.4.1 want: ^1.2.1
343 silly placeDep ROOT type-check@0.4.0 OK for: levn@0.4.1 want: ~0.4.0
344 timing idealTree:node_modules/levn Completed in 5ms
345 silly placeDep ROOT p-locate@5.0.0 OK for: locate-path@6.0.0 want: ^5.0.0
346 silly fetch manifest p-limit@^3.0.2
347 http fetch GET 200 https://registry.npmjs.org/p-limit 712ms (cache revalidated)
348 timing idealTree:node_modules/locate-path Completed in 714ms
349 timing idealTree:node_modules/lodash.merge Completed in 0ms
350 silly placeDep ROOT brace-expansion@1.1.11 OK for: minimatch@3.1.2 want: ^1.1.7
351 silly fetch manifest balanced-match@^1.0.0
352 silly fetch manifest concat-map@0.0.1
353 http fetch GET 200 https://registry.npmjs.org/concat-map 58ms (cache revalidated)
354 http fetch GET 200 https://registry.npmjs.org/balanced-match 61ms (cache revalidated)
355 timing idealTree:node_modules/minimatch Completed in 64ms
356 silly placeDep ROOT balanced-match@1.0.2 OK for: brace-expansion@1.1.11 want: ^1.0.0
357 silly placeDep ROOT concat-map@0.0.1 OK for: brace-expansion@1.1.11 want: 0.0.1
358 timing idealTree:node_modules/brace-expansion Completed in 3ms
359 timing idealTree:node_modules/balanced-match Completed in 0ms
360 timing idealTree:node_modules/concat-map Completed in 0ms
361 timing idealTree:node_modules/ms Completed in 0ms
362 timing idealTree:node_modules/natural-compare Completed in 0ms
363 silly placeDep ROOT deep-is@0.1.4 OK for: optionator@0.9.1 want: ^0.1.3
364 silly placeDep ROOT fast-levenshtein@2.0.6 OK for: optionator@0.9.1 want: ^2.0.6
365 silly placeDep ROOT word-wrap@1.2.3 OK for: optionator@0.9.1 want: ^1.2.3
366 timing idealTree:node_modules/optionator Completed in 7ms
367 timing idealTree:node_modules/deep-is Completed in 0ms
368 timing idealTree:node_modules/fast-levenshtein Completed in 0ms
369 silly placeDep ROOT p-limit@3.1.0 OK for: p-locate@5.0.0 want: ^3.0.2
370 silly fetch manifest yocto-queue@^0.1.0
371 http fetch GET 200 https://registry.npmjs.org/yocto-queue 729ms (cache revalidated)
372 timing idealTree:node_modules/p-locate Completed in 730ms
373 silly placeDep ROOT yocto-queue@0.1.0 OK for: p-limit@3.1.0 want: ^0.1.0
374 timing idealTree:node_modules/p-limit Completed in 0ms
375 silly placeDep ROOT callsites@3.1.0 OK for: parent-module@1.0.1 want: ^3.0.0
376 timing idealTree:node_modules/parent-module Completed in 5ms
377 timing idealTree:node_modules/callsites Completed in 0ms
378 timing idealTree:node_modules/path-exists Completed in 0ms
379 timing idealTree:node_modules/path-key Completed in 0ms
380 timing idealTree:node_modules/prelude-ls Completed in 0ms
381 timing idealTree:node_modules/regexpp Completed in 0ms
382 timing idealTree:node_modules/resolve-from Completed in 0ms
383 timing idealTree:node_modules/reusify Completed in 0ms
384 silly placeDep ROOT glob@7.2.3 OK for: rimraf@3.0.2 want: ^7.1.3
385 silly fetch manifest fs.realpath@^1.0.0
386 silly fetch manifest inflight@^1.0.4
387 silly fetch manifest inherits@2
388 silly fetch manifest once@^1.3.0
389 silly fetch manifest path-is-absolute@^1.0.0
390 http fetch GET 200 https://registry.npmjs.org/inflight 48ms (cache revalidated)
391 http fetch GET 200 https://registry.npmjs.org/path-is-absolute 49ms (cache revalidated)
392 http fetch GET 200 https://registry.npmjs.org/once 54ms (cache revalidated)
393 http fetch GET 200 https://registry.npmjs.org/fs.realpath 62ms (cache revalidated)
394 http fetch GET 200 https://registry.npmjs.org/inherits 64ms (cache revalidated)
395 timing idealTree:node_modules/rimraf Completed in 66ms
396 silly placeDep ROOT fs.realpath@1.0.0 OK for: glob@7.2.3 want: ^1.0.0
397 silly placeDep ROOT inflight@1.0.6 OK for: glob@7.2.3 want: ^1.0.4
398 silly placeDep ROOT inherits@2.0.4 OK for: glob@7.2.3 want: 2
399 silly placeDep ROOT once@1.4.0 OK for: glob@7.2.3 want: ^1.3.0
400 silly placeDep ROOT path-is-absolute@1.0.1 OK for: glob@7.2.3 want: ^1.0.0
401 silly fetch manifest wrappy@1
402 http fetch GET 200 https://registry.npmjs.org/wrappy 52ms (cache revalidated)
403 timing idealTree:node_modules/glob Completed in 54ms
404 timing idealTree:node_modules/fs.realpath Completed in 0ms
405 silly placeDep ROOT wrappy@1.0.2 OK for: inflight@1.0.6 want: 1
406 timing idealTree:node_modules/inflight Completed in 1ms
407 timing idealTree:node_modules/inherits Completed in 0ms
408 timing idealTree:node_modules/once Completed in 0ms
409 timing idealTree:node_modules/path-is-absolute Completed in 0ms
410 silly placeDep ROOT queue-microtask@1.2.3 OK for: run-parallel@1.2.0 want: ^1.2.2
411 timing idealTree:node_modules/run-parallel Completed in 1ms
412 timing idealTree:node_modules/queue-microtask Completed in 0ms
413 silly placeDep ROOT shebang-regex@3.0.0 OK for: shebang-command@2.0.0 want: ^3.0.0
414 timing idealTree:node_modules/shebang-command Completed in 0ms
415 timing idealTree:node_modules/shebang-regex Completed in 0ms
416 silly placeDep ROOT ansi-regex@5.0.1 OK for: strip-ansi@6.0.1 want: ^5.0.1
417 timing idealTree:node_modules/strip-ansi Completed in 0ms
418 timing idealTree:node_modules/ansi-regex Completed in 0ms
419 timing idealTree:node_modules/strip-json-comments Completed in 0ms
420 silly placeDep ROOT has-flag@4.0.0 OK for: supports-color@7.2.0 want: ^4.0.0
421 timing idealTree:node_modules/supports-color Completed in 1ms
422 timing idealTree:node_modules/has-flag Completed in 0ms
423 timing idealTree:node_modules/text-table Completed in 0ms
424 timing idealTree:node_modules/type-check Completed in 0ms
425 timing idealTree:node_modules/type-fest Completed in 0ms
426 silly placeDep ROOT punycode@2.1.1 OK for: uri-js@4.4.1 want: ^2.1.0
427 timing idealTree:node_modules/uri-js Completed in 0ms
428 timing idealTree:node_modules/punycode Completed in 0ms
429 silly placeDep ROOT isexe@2.0.0 OK for: which@2.0.2 want: ^2.0.0
430 timing idealTree:node_modules/which Completed in 7ms
431 timing idealTree:node_modules/isexe Completed in 0ms
432 timing idealTree:node_modules/word-wrap Completed in 0ms
433 timing idealTree:node_modules/wrappy Completed in 0ms
434 timing idealTree:node_modules/yocto-queue Completed in 0ms
435 timing idealTree:node_modules/eslint-utils/node_modules/eslint-visitor-keys Completed in 0ms
436 timing idealTree:buildDeps Completed in 7764ms
437 timing idealTree:fixDepFlags Completed in 1ms
438 timing idealTree Completed in 7774ms
439 timing reify:loadTrees Completed in 7774ms
440 timing reify:diffTrees Completed in 3ms
441 silly reify moves {}
442 timing reify:retireShallow Completed in 0ms
443 timing reify:createSparse Completed in 10ms
444 timing reify:loadBundles Completed in 0ms
445 silly audit bulk request {
445 silly audit   'eslint-config-prettier': [ '8.5.0' ],
445 silly audit   eslint: [ '8.30.0' ],
445 silly audit   '@eslint/eslintrc': [ '1.4.0' ],
445 silly audit   '@humanwhocodes/config-array': [ '0.11.8' ],
445 silly audit   '@humanwhocodes/module-importer': [ '1.0.1' ],
445 silly audit   '@nodelib/fs.walk': [ '1.2.8' ],
445 silly audit   ajv: [ '6.12.6' ],
445 silly audit   chalk: [ '4.1.2' ],
445 silly audit   'cross-spawn': [ '7.0.3' ],
445 silly audit   debug: [ '4.3.4' ],
445 silly audit   doctrine: [ '3.0.0' ],
445 silly audit   'escape-string-regexp': [ '4.0.0' ],
445 silly audit   'eslint-scope': [ '7.1.1' ],
445 silly audit   'eslint-utils': [ '3.0.0' ],
445 silly audit   'eslint-visitor-keys': [ '3.3.0', '2.1.0' ],
445 silly audit   espree: [ '9.4.1' ],
445 silly audit   esquery: [ '1.4.0' ],
445 silly audit   esutils: [ '2.0.3' ],
445 silly audit   'fast-deep-equal': [ '3.1.3' ],
445 silly audit   'file-entry-cache': [ '6.0.1' ],
445 silly audit   'find-up': [ '5.0.0' ],
445 silly audit   'glob-parent': [ '6.0.2' ],
445 silly audit   globals: [ '13.19.0' ],
445 silly audit   'grapheme-splitter': [ '1.0.4' ],
445 silly audit   ignore: [ '5.2.4' ],
445 silly audit   'import-fresh': [ '3.3.0' ],
445 silly audit   imurmurhash: [ '0.1.4' ],
445 silly audit   'is-glob': [ '4.0.3' ],
445 silly audit   'is-path-inside': [ '3.0.3' ],
445 silly audit   'js-sdsl': [ '4.2.0' ],
445 silly audit   'js-yaml': [ '4.1.0' ],
445 silly audit   'json-stable-stringify-without-jsonify': [ '1.0.1' ],
445 silly audit   levn: [ '0.4.1' ],
445 silly audit   'lodash.merge': [ '4.6.2' ],
445 silly audit   minimatch: [ '3.1.2' ],
445 silly audit   'natural-compare': [ '1.4.0' ],
445 silly audit   optionator: [ '0.9.1' ],
445 silly audit   regexpp: [ '3.2.0' ],
445 silly audit   'strip-ansi': [ '6.0.1' ],
445 silly audit   'strip-json-comments': [ '3.1.1' ],
445 silly audit   'text-table': [ '0.2.0' ],
445 silly audit   '@humanwhocodes/object-schema': [ '1.2.1' ],
445 silly audit   '@nodelib/fs.scandir': [ '2.1.5' ],
445 silly audit   fastq: [ '1.14.0' ],
445 silly audit   '@nodelib/fs.stat': [ '2.0.5' ],
445 silly audit   'run-parallel': [ '1.2.0' ],
445 silly audit   'fast-json-stable-stringify': [ '2.1.0' ],
445 silly audit   'json-schema-traverse': [ '0.4.1' ],
445 silly audit   'uri-js': [ '4.4.1' ],
445 silly audit   'ansi-styles': [ '4.3.0' ],
445 silly audit   'supports-color': [ '7.2.0' ],
445 silly audit   'color-convert': [ '2.0.1' ],
445 silly audit   'color-name': [ '1.1.4' ],
445 silly audit   'path-key': [ '3.1.1' ],
445 silly audit   'shebang-command': [ '2.0.0' ],
445 silly audit   which: [ '2.0.2' ],
445 silly audit   ms: [ '2.1.2' ],
445 silly audit   esrecurse: [ '4.3.0' ],
445 silly audit   estraverse: [ '5.3.0' ],
445 silly audit   acorn: [ '8.8.1' ],
445 silly audit   'acorn-jsx': [ '5.3.2' ],
445 silly audit   reusify: [ '1.0.4' ],
445 silly audit   'flat-cache': [ '3.0.4' ],
445 silly audit   'locate-path': [ '6.0.0' ],
445 silly audit   'path-exists': [ '4.0.0' ],
445 silly audit   flatted: [ '3.2.7' ],
445 silly audit   rimraf: [ '3.0.2' ],
445 silly audit   'type-fest': [ '0.20.2' ],
445 silly audit   'parent-module': [ '1.0.1' ],
445 silly audit   'resolve-from': [ '4.0.0' ],
445 silly audit   'is-extglob': [ '2.1.1' ],
445 silly audit   argparse: [ '2.0.1' ],
445 silly audit   'prelude-ls': [ '1.2.1' ],
445 silly audit   'type-check': [ '0.4.0' ],
445 silly audit   'p-locate': [ '5.0.0' ],
445 silly audit   'brace-expansion': [ '1.1.11' ],
445 silly audit   'balanced-match': [ '1.0.2' ],
445 silly audit   'concat-map': [ '0.0.1' ],
445 silly audit   'deep-is': [ '0.1.4' ],
445 silly audit   'fast-levenshtein': [ '2.0.6' ],
445 silly audit   'word-wrap': [ '1.2.3' ],
445 silly audit   'p-limit': [ '3.1.0' ],
445 silly audit   'yocto-queue': [ '0.1.0' ],
445 silly audit   callsites: [ '3.1.0' ],
445 silly audit   glob: [ '7.2.3' ],
445 silly audit   'fs.realpath': [ '1.0.0' ],
445 silly audit   inflight: [ '1.0.6' ],
445 silly audit   inherits: [ '2.0.4' ],
445 silly audit   once: [ '1.4.0' ],
445 silly audit   'path-is-absolute': [ '1.0.1' ],
445 silly audit   wrappy: [ '1.0.2' ],
445 silly audit   'queue-microtask': [ '1.2.3' ],
445 silly audit   'shebang-regex': [ '3.0.0' ],
445 silly audit   'ansi-regex': [ '5.0.1' ],
445 silly audit   'has-flag': [ '4.0.0' ],
445 silly audit   punycode: [ '2.1.1' ],
445 silly audit   isexe: [ '2.0.0' ]
445 silly audit }
446 silly tarball no local data for eslint-config-prettier@https://registry.npmjs.org/eslint-config-prettier/-/eslint-config-prettier-8.5.0.tgz. Extracting by manifest.
447 timing reifyNode:node_modules/natural-compare Completed in 240ms
448 timing reifyNode:node_modules/wrappy Completed in 246ms
449 timing reifyNode:node_modules/once Completed in 245ms
450 timing reifyNode:node_modules/path-is-absolute Completed in 245ms
451 timing reifyNode:node_modules/inflight Completed in 245ms
452 timing reifyNode:node_modules/fast-levenshtein Completed in 245ms
453 timing reifyNode:node_modules/brace-expansion Completed in 246ms
454 timing reifyNode:node_modules/is-extglob Completed in 246ms
455 timing reifyNode:node_modules/parent-module Completed in 246ms
456 timing reifyNode:node_modules/resolve-from Completed in 246ms
457 timing reifyNode:node_modules/ms Completed in 247ms
458 timing reifyNode:node_modules/shebang-command Completed in 246ms
459 timing reifyNode:node_modules/color-name Completed in 246ms
460 timing reifyNode:node_modules/run-parallel Completed in 244ms
461 timing reifyNode:node_modules/imurmurhash Completed in 245ms
462 timing reifyNode:node_modules/glob-parent Completed in 245ms
463 timing reifyNode:node_modules/ansi-regex Completed in 250ms
464 timing reifyNode:node_modules/shebang-regex Completed in 250ms
465 timing reifyNode:node_modules/has-flag Completed in 250ms
466 timing reifyNode:node_modules/queue-microtask Completed in 251ms
467 timing reifyNode:node_modules/inherits Completed in 250ms
468 timing reifyNode:node_modules/callsites Completed in 250ms
469 timing reifyNode:node_modules/yocto-queue Completed in 250ms
470 timing reifyNode:node_modules/word-wrap Completed in 251ms
471 timing reifyNode:node_modules/p-limit Completed in 251ms
472 timing reifyNode:node_modules/p-locate Completed in 254ms
473 timing reifyNode:node_modules/path-exists Completed in 254ms
474 timing reifyNode:node_modules/locate-path Completed in 254ms
475 timing reifyNode:node_modules/supports-color Completed in 254ms
476 timing reifyNode:node_modules/path-key Completed in 254ms
477 timing reifyNode:node_modules/strip-ansi Completed in 252ms
478 timing reifyNode:node_modules/strip-json-comments Completed in 252ms
479 timing reifyNode:node_modules/is-path-inside Completed in 253ms
480 timing reifyNode:node_modules/is-glob Completed in 253ms
481 timing reifyNode:node_modules/import-fresh Completed in 253ms
482 timing reifyNode:node_modules/find-up Completed in 253ms
483 timing reifyNode:node_modules/escape-string-regexp Completed in 254ms
484 timing reifyNode:node_modules/fs.realpath Completed in 258ms
485 http fetch POST 200 https://registry.npmjs.org/-/npm/v1/security/advisories/bulk 261ms
486 timing auditReport:getReport Completed in 263ms
487 silly audit report {}
488 timing auditReport:init Completed in 0ms
489 timing reify:audit Completed in 264ms
490 timing reifyNode:node_modules/balanced-match Completed in 259ms
491 timing reifyNode:node_modules/esrecurse Completed in 259ms
492 timing reifyNode:node_modules/ansi-styles Completed in 257ms
493 timing reifyNode:node_modules/which Completed in 261ms
494 timing reifyNode:node_modules/minimatch Completed in 259ms
495 timing reifyNode:node_modules/file-entry-cache Completed in 259ms
496 timing reifyNode:node_modules/punycode Completed in 264ms
497 timing reifyNode:node_modules/type-check Completed in 264ms
498 timing reifyNode:node_modules/rimraf Completed in 264ms
499 timing reifyNode:node_modules/acorn-jsx Completed in 265ms
500 timing reifyNode:node_modules/lodash.merge Completed in 262ms
501 timing reifyNode:node_modules/concat-map Completed in 267ms
502 timing reifyNode:node_modules/color-convert Completed in 267ms
503 timing reifyNode:node_modules/levn Completed in 265ms
504 timing reifyNode:node_modules/debug Completed in 266ms
505 timing reifyNode:node_modules/isexe Completed in 270ms
506 timing reifyNode:node_modules/estraverse Completed in 270ms
507 timing reifyNode:node_modules/globals Completed in 268ms
508 timing reifyNode:node_modules/eslint-utils/node_modules/eslint-visitor-keys Completed in 269ms
509 timing reifyNode:node_modules/glob Completed in 272ms
510 timing reifyNode:node_modules/deep-is Completed in 272ms
511 timing reifyNode:node_modules/flat-cache Completed in 273ms
512 timing reifyNode:node_modules/reusify Completed in 273ms
513 timing reifyNode:node_modules/optionator Completed in 270ms
514 timing reifyNode:node_modules/chalk Completed in 270ms
515 timing reifyNode:node_modules/@humanwhocodes/config-array Completed in 271ms
516 timing reifyNode:node_modules/ignore Completed in 274ms
517 timing reifyNode:node_modules/cross-spawn Completed in 274ms
518 timing reifyNode:node_modules/json-schema-traverse Completed in 275ms
519 timing reifyNode:node_modules/fast-deep-equal Completed in 277ms
520 timing reifyNode:node_modules/esutils Completed in 277ms
521 timing reifyNode:node_modules/eslint-visitor-keys Completed in 277ms
522 timing reifyNode:node_modules/@humanwhocodes/module-importer Completed in 278ms
523 timing reifyNode:node_modules/prelude-ls Completed in 281ms
524 http fetch GET 200 https://registry.npmjs.org/eslint-config-prettier/-/eslint-config-prettier-8.5.0.tgz 228ms (cache miss)
525 timing reifyNode:node_modules/argparse Completed in 285ms
526 timing reifyNode:node_modules/text-table Completed in 282ms
527 timing reifyNode:node_modules/doctrine Completed in 283ms
528 timing reifyNode:node_modules/flatted Completed in 286ms
529 timing reifyNode:node_modules/espree Completed in 284ms
530 timing reifyNode:node_modules/json-stable-stringify-without-jsonify Completed in 291ms
531 timing reifyNode:node_modules/eslint-config-prettier Completed in 292ms
532 timing reifyNode:node_modules/fastq Completed in 292ms
533 timing reifyNode:node_modules/fast-json-stable-stringify Completed in 293ms
534 timing reifyNode:node_modules/@humanwhocodes/object-schema Completed in 296ms
535 timing reifyNode:node_modules/grapheme-splitter Completed in 297ms
536 timing reifyNode:node_modules/@nodelib/fs.stat Completed in 301ms
537 timing reifyNode:node_modules/regexpp Completed in 303ms
538 timing reifyNode:node_modules/eslint-scope Completed in 303ms
539 timing reifyNode:node_modules/eslint-utils Completed in 306ms
540 timing reifyNode:node_modules/@nodelib/fs.scandir Completed in 306ms
541 timing reifyNode:node_modules/@nodelib/fs.walk Completed in 308ms
542 timing reifyNode:node_modules/acorn Completed in 313ms
543 timing reifyNode:node_modules/type-fest Completed in 321ms
544 timing reifyNode:node_modules/js-yaml Completed in 324ms
545 timing reifyNode:node_modules/esquery Completed in 333ms
546 timing reifyNode:node_modules/@eslint/eslintrc Completed in 335ms
547 timing reifyNode:node_modules/uri-js Completed in 337ms
548 timing reifyNode:node_modules/ajv Completed in 357ms
549 timing reifyNode:node_modules/js-sdsl Completed in 380ms
550 timing reifyNode:node_modules/eslint Completed in 415ms
551 timing reify:unpack Completed in 419ms
552 timing reify:unretire Completed in 1ms
553 timing build:queue Completed in 2ms
554 timing build:link:node_modules/acorn Completed in 7ms
555 timing build:link:node_modules/eslint Completed in 7ms
556 timing build:link:node_modules/eslint-config-prettier Completed in 6ms
557 timing build:link:node_modules/js-yaml Completed in 6ms
558 timing build:link:node_modules/rimraf Completed in 6ms
559 timing build:link:node_modules/which Completed in 6ms
560 timing build:link Completed in 7ms
561 timing build:deps Completed in 9ms
562 timing build Completed in 9ms
563 timing reify:build Completed in 10ms
564 timing reify:trash Completed in 0ms
565 timing reify:save Completed in 14ms
566 timing reify Completed in 8252ms
567 silly ADD node_modules/isexe
568 silly ADD node_modules/punycode
569 silly ADD node_modules/has-flag
570 silly ADD node_modules/ansi-regex
571 silly ADD node_modules/shebang-regex
572 silly ADD node_modules/queue-microtask
573 silly ADD node_modules/wrappy
574 silly ADD node_modules/path-is-absolute
575 silly ADD node_modules/once
576 silly ADD node_modules/inherits
577 silly ADD node_modules/inflight
578 silly ADD node_modules/fs.realpath
579 silly ADD node_modules/glob
580 silly ADD node_modules/callsites
581 silly ADD node_modules/yocto-queue
582 silly ADD node_modules/p-limit
583 silly ADD node_modules/word-wrap
584 silly ADD node_modules/fast-levenshtein
585 silly ADD node_modules/deep-is
586 silly ADD node_modules/concat-map
587 silly ADD node_modules/balanced-match
588 silly ADD node_modules/brace-expansion
589 silly ADD node_modules/p-locate
590 silly ADD node_modules/type-check
591 silly ADD node_modules/prelude-ls
592 silly ADD node_modules/argparse
593 silly ADD node_modules/is-extglob
594 silly ADD node_modules/resolve-from
595 silly ADD node_modules/parent-module
596 silly ADD node_modules/type-fest
597 silly ADD node_modules/rimraf
598 silly ADD node_modules/flatted
599 silly ADD node_modules/path-exists
600 silly ADD node_modules/locate-path
601 silly ADD node_modules/flat-cache
602 silly ADD node_modules/reusify
603 silly ADD node_modules/acorn-jsx
604 silly ADD node_modules/acorn
605 silly ADD node_modules/estraverse
606 silly ADD node_modules/esrecurse
607 silly ADD node_modules/ms
608 silly ADD node_modules/which
609 silly ADD node_modules/shebang-command
610 silly ADD node_modules/path-key
611 silly ADD node_modules/color-name
612 silly ADD node_modules/color-convert
613 silly ADD node_modules/supports-color
614 silly ADD node_modules/ansi-styles
615 silly ADD node_modules/uri-js
616 silly ADD node_modules/json-schema-traverse
617 silly ADD node_modules/fast-json-stable-stringify
618 silly ADD node_modules/run-parallel
619 silly ADD node_modules/@nodelib/fs.stat
620 silly ADD node_modules/fastq
621 silly ADD node_modules/@nodelib/fs.scandir
622 silly ADD node_modules/@humanwhocodes/object-schema
623 silly ADD node_modules/text-table
624 silly ADD node_modules/strip-json-comments
625 silly ADD node_modules/strip-ansi
626 silly ADD node_modules/regexpp
627 silly ADD node_modules/optionator
628 silly ADD node_modules/natural-compare
629 silly ADD node_modules/minimatch
630 silly ADD node_modules/lodash.merge
631 silly ADD node_modules/levn
632 silly ADD node_modules/json-stable-stringify-without-jsonify
633 silly ADD node_modules/js-yaml
634 silly ADD node_modules/js-sdsl
635 silly ADD node_modules/is-path-inside
636 silly ADD node_modules/is-glob
637 silly ADD node_modules/imurmurhash
638 silly ADD node_modules/import-fresh
639 silly ADD node_modules/ignore
640 silly ADD node_modules/grapheme-splitter
641 silly ADD node_modules/globals
642 silly ADD node_modules/glob-parent
643 silly ADD node_modules/find-up
644 silly ADD node_modules/file-entry-cache
645 silly ADD node_modules/fast-deep-equal
646 silly ADD node_modules/esutils
647 silly ADD node_modules/esquery
648 silly ADD node_modules/espree
649 silly ADD node_modules/eslint-visitor-keys
650 silly ADD node_modules/eslint-utils
651 silly ADD node_modules/eslint-utils/node_modules/eslint-visitor-keys
652 silly ADD node_modules/eslint-scope
653 silly ADD node_modules/escape-string-regexp
654 silly ADD node_modules/doctrine
655 silly ADD node_modules/debug
656 silly ADD node_modules/cross-spawn
657 silly ADD node_modules/chalk
658 silly ADD node_modules/ajv
659 silly ADD node_modules/@nodelib/fs.walk
660 silly ADD node_modules/@humanwhocodes/module-importer
661 silly ADD node_modules/@humanwhocodes/config-array
662 silly ADD node_modules/@eslint/eslintrc
663 silly ADD node_modules/eslint
664 silly ADD node_modules/eslint-config-prettier
665 timing command:install Completed in 8258ms
666 verbose exit 0
667 timing npm Completed in 8366ms
668 info ok
