0 verbose cli /home/vagrant/.nvm/versions/node/v19.2.0/bin/node /home/vagrant/.nvm/versions/node/v19.2.0/bin/npm
1 info using npm@9.5.0
2 info using node@v19.2.0
3 timing npm:load:whichnode Completed in 1ms
4 timing config:load:defaults Completed in 1ms
5 timing config:load:file:/home/vagrant/.nvm/versions/node/v19.2.0/lib/node_modules/npm/npmrc Completed in 3ms
6 timing config:load:builtin Completed in 3ms
7 timing config:load:cli Completed in 1ms
8 timing config:load:env Completed in 1ms
9 timing config:load:file:/home/vagrant/Project/my-fast-viran/.npmrc Completed in 0ms
10 timing config:load:project Completed in 2ms
11 timing config:load:file:/home/vagrant/.npmrc Completed in 0ms
12 timing config:load:user Completed in 0ms
13 timing config:load:file:/home/vagrant/.nvm/versions/node/v19.2.0/etc/npmrc Completed in 0ms
14 timing config:load:global Completed in 0ms
15 timing config:load:setEnvs Completed in 0ms
16 timing config:load Completed in 8ms
17 timing npm:load:configload Completed in 8ms
18 timing npm:load:mkdirpcache Completed in 1ms
19 timing npm:load:mkdirplogs Completed in 0ms
20 verbose title npm install sharp
21 verbose argv "install" "sharp"
22 timing npm:load:setTitle Completed in 0ms
23 timing config:load:flatten Completed in 2ms
24 timing npm:load:display Completed in 2ms
25 verbose logfile logs-max:10 dir:/home/vagrant/.npm/_logs/2023-02-19T14_01_58_172Z-
26 verbose logfile /home/vagrant/.npm/_logs/2023-02-19T14_01_58_172Z-debug-0.log
27 timing npm:load:logFile Completed in 3ms
28 timing npm:load:timers Completed in 0ms
29 timing npm:load:configScope Completed in 0ms
30 timing npm:load Completed in 15ms
31 timing arborist:ctor Completed in 1ms
32 silly logfile start cleaning logs, removing 1 files
33 silly logfile done cleaning log files
34 timing idealTree:init Completed in 159ms
35 timing idealTree:userRequests Completed in 2ms
36 silly idealTree buildDeps
37 silly fetch manifest sharp@*
38 timing arborist:ctor Completed in 0ms
39 http fetch GET 200 https://registry.npmjs.org/sharp 126ms (cache hit)
40 silly placeDep ROOT sharp@0.31.3 REPLACE for: my-fast-viran@0.1.0 want: *
41 timing idealTree:#root Completed in 132ms
42 timing idealTree:node_modules/sharp Completed in 0ms
43 timing idealTree:buildDeps Completed in 133ms
44 timing idealTree:fixDepFlags Completed in 8ms
45 timing idealTree Completed in 306ms
46 timing reify:loadTrees Completed in 307ms
47 timing reify:diffTrees Completed in 5ms
48 silly reify moves {}
49 timing reify:retireShallow Completed in 1ms
50 timing reify:createSparse Completed in 4ms
51 timing reify:loadBundles Completed in 0ms
52 silly audit bulk request {
52 silly audit   '@babel/runtime': [ '7.20.13' ],
52 silly audit   '@eslint/eslintrc': [ '1.4.1' ],
52 silly audit   '@fortawesome/fontawesome-common-types': [ '6.3.0' ],
52 silly audit   '@fortawesome/fontawesome-svg-core': [ '6.3.0' ],
52 silly audit   '@fortawesome/free-brands-svg-icons': [ '6.3.0' ],
52 silly audit   '@fortawesome/free-regular-svg-icons': [ '6.3.0' ],
52 silly audit   '@fortawesome/free-solid-svg-icons': [ '6.3.0' ],
52 silly audit   '@fortawesome/react-fontawesome': [ '0.2.0' ],
52 silly audit   '@humanwhocodes/config-array': [ '0.11.8' ],
52 silly audit   '@humanwhocodes/module-importer': [ '1.0.1' ],
52 silly audit   '@humanwhocodes/object-schema': [ '1.2.1' ],
52 silly audit   '@next/env': [ '13.1.6' ],
52 silly audit   '@next/eslint-plugin-next': [ '13.1.6' ],
52 silly audit   '@next/font': [ '13.1.6' ],
52 silly audit   '@next/swc-android-arm-eabi': [ '13.1.6' ],
52 silly audit   '@next/swc-android-arm64': [ '13.1.6' ],
52 silly audit   '@next/swc-darwin-arm64': [ '13.1.6' ],
52 silly audit   '@next/swc-darwin-x64': [ '13.1.6' ],
52 silly audit   '@next/swc-freebsd-x64': [ '13.1.6' ],
52 silly audit   '@next/swc-linux-arm-gnueabihf': [ '13.1.6' ],
52 silly audit   '@next/swc-linux-arm64-gnu': [ '13.1.6' ],
52 silly audit   '@next/swc-linux-arm64-musl': [ '13.1.6' ],
52 silly audit   '@next/swc-linux-x64-gnu': [ '13.1.6' ],
52 silly audit   '@next/swc-linux-x64-musl': [ '13.1.6' ],
52 silly audit   '@next/swc-win32-arm64-msvc': [ '13.1.6' ],
52 silly audit   '@next/swc-win32-ia32-msvc': [ '13.1.6' ],
52 silly audit   '@next/swc-win32-x64-msvc': [ '13.1.6' ],
52 silly audit   '@nodelib/fs.scandir': [ '2.1.5' ],
52 silly audit   '@nodelib/fs.stat': [ '2.0.5' ],
52 silly audit   '@nodelib/fs.walk': [ '1.2.8' ],
52 silly audit   '@pkgr/utils': [ '2.3.1' ],
52 silly audit   '@rushstack/eslint-patch': [ '1.2.0' ],
52 silly audit   '@selderee/plugin-htmlparser2': [ '0.10.0' ],
52 silly audit   '@swc/helpers': [ '0.4.14' ],
52 silly audit   '@types/json5': [ '0.0.29' ],
52 silly audit   '@typescript-eslint/parser': [ '5.52.0' ],
52 silly audit   '@typescript-eslint/scope-manager': [ '5.52.0' ],
52 silly audit   '@typescript-eslint/types': [ '5.52.0' ],
52 silly audit   '@typescript-eslint/typescript-estree': [ '5.52.0' ],
52 silly audit   '@typescript-eslint/visitor-keys': [ '5.52.0' ],
52 silly audit   acorn: [ '8.8.2' ],
52 silly audit   'acorn-jsx': [ '5.3.2' ],
52 silly audit   ajv: [ '6.12.6' ],
52 silly audit   'ansi-regex': [ '5.0.1' ],
52 silly audit   'ansi-styles': [ '4.3.0' ],
52 silly audit   argparse: [ '2.0.1' ],
52 silly audit   'aria-query': [ '5.1.3' ],
52 silly audit   'array-includes': [ '3.1.6' ],
52 silly audit   'array-union': [ '2.1.0' ],
52 silly audit   'array.prototype.flat': [ '1.3.1' ],
52 silly audit   'array.prototype.flatmap': [ '1.3.1' ],
52 silly audit   'array.prototype.tosorted': [ '1.1.1' ],
52 silly audit   'ast-types-flow': [ '0.0.7' ],
52 silly audit   'available-typed-arrays': [ '1.0.5' ],
52 silly audit   'axe-core': [ '4.6.3' ],
52 silly audit   'axobject-query': [ '3.1.1' ],
52 silly audit   'balanced-match': [ '1.0.2' ],
52 silly audit   'base64-js': [ '1.5.1' ],
52 silly audit   bl: [ '4.1.0' ],
52 silly audit   blurhash: [ '1.1.5' ],
52 silly audit   'brace-expansion': [ '1.1.11' ],
52 silly audit   braces: [ '3.0.2' ],
52 silly audit   buffer: [ '5.7.1' ],
52 silly audit   'call-bind': [ '1.0.2' ],
52 silly audit   callsites: [ '3.1.0' ],
52 silly audit   'caniuse-lite': [ '1.0.30001456' ],
52 silly audit   chalk: [ '4.1.2' ],
52 silly audit   chownr: [ '1.1.4' ],
52 silly audit   'client-only': [ '0.0.1' ],
52 silly audit   clone: [ '2.1.2' ],
52 silly audit   color: [ '4.2.3' ],
52 silly audit   'color-convert': [ '2.0.1' ],
52 silly audit   'color-name': [ '1.1.4' ],
52 silly audit   'color-string': [ '1.9.1' ],
52 silly audit   'concat-map': [ '0.0.1' ],
52 silly audit   'cross-fetch': [ '3.1.5' ],
52 silly audit   'cross-spawn': [ '7.0.3' ],
52 silly audit   'damerau-levenshtein': [ '1.0.8' ],
52 silly audit   'date-fns': [ '2.29.3' ],
52 silly audit   debug: [ '4.3.4', '3.2.7' ],
52 silly audit   'decompress-response': [ '6.0.0' ],
52 silly audit   'deep-equal': [ '2.2.0' ],
52 silly audit   'deep-extend': [ '0.6.0' ],
52 silly audit   'deep-is': [ '0.1.4' ],
52 silly audit   deepmerge: [ '4.3.0' ],
52 silly audit   'define-lazy-prop': [ '2.0.0' ],
52 silly audit   'define-properties': [ '1.2.0' ],
52 silly audit   'detect-libc': [ '2.0.1' ],
52 silly audit   'dir-glob': [ '3.0.1' ],
52 silly audit   doctrine: [ '3.0.0', '2.1.0' ],
52 silly audit   'dom-serializer': [ '2.0.0' ],
52 silly audit   domelementtype: [ '2.3.0' ],
52 silly audit   domhandler: [ '5.0.3' ],
52 silly audit   domutils: [ '3.0.1' ],
52 silly audit   'emoji-regex': [ '9.2.2' ],
52 silly audit   encoding: [ '0.1.13' ],
52 silly audit   'end-of-stream': [ '1.4.4' ],
52 silly audit   'enhanced-resolve': [ '5.12.0' ],
52 silly audit   entities: [ '4.4.0' ],
52 silly audit   'es-abstract': [ '1.21.1' ],
52 silly audit   'es-get-iterator': [ '1.1.3' ],
52 silly audit   'es-set-tostringtag': [ '2.0.1' ],
52 silly audit   'es-shim-unscopables': [ '1.0.0' ],
52 silly audit   'es-to-primitive': [ '1.2.1' ],
52 silly audit   'escape-string-regexp': [ '4.0.0' ],
52 silly audit   eslint: [ '8.34.0' ],
52 silly audit   'eslint-config-next': [ '13.1.6' ],
52 silly audit   'eslint-import-resolver-node': [ '0.3.7' ],
52 silly audit   'eslint-import-resolver-typescript': [ '3.5.3' ],
52 silly audit   globby: [ '13.1.3', '11.1.0' ],
52 silly audit   slash: [ '4.0.0', '3.0.0' ],
52 silly audit   'eslint-module-utils': [ '2.7.4' ],
52 silly audit   'eslint-plugin-import': [ '2.27.5' ],
52 silly audit   semver: [ '6.3.0', '7.3.8' ],
52 silly audit   'eslint-plugin-jsx-a11y': [ '6.7.1' ],
52 silly audit   'eslint-plugin-react': [ '7.32.2' ],
52 silly audit   'eslint-plugin-react-hooks': [ '4.6.0' ],
52 silly audit   resolve: [ '2.0.0-next.4', '1.22.1' ],
52 silly audit   'eslint-scope': [ '7.1.1' ],
52 silly audit   'eslint-utils': [ '3.0.0' ],
52 silly audit   'eslint-visitor-keys': [ '2.1.0', '3.3.0' ],
52 silly audit   espree: [ '9.4.1' ],
52 silly audit   esquery: [ '1.4.2' ],
52 silly audit   esrecurse: [ '4.3.0' ],
52 silly audit   estraverse: [ '5.3.0' ],
52 silly audit   esutils: [ '2.0.3' ],
52 silly audit   'expand-template': [ '2.0.3' ],
52 silly audit   'fast-deep-equal': [ '3.1.3' ],
52 silly audit   'fast-glob': [ '3.2.12' ],
52 silly audit   'glob-parent': [ '5.1.2', '6.0.2' ],
52 silly audit   'fast-json-stable-stringify': [ '2.1.0' ],
52 silly audit   'fast-levenshtein': [ '2.0.6' ],
52 silly audit   fastq: [ '1.15.0' ],
52 silly audit   'file-entry-cache': [ '6.0.1' ],
52 silly audit   'fill-range': [ '7.0.1' ],
52 silly audit   'find-up': [ '5.0.0' ],
52 silly audit   'flat-cache': [ '3.0.4' ],
52 silly audit   flatted: [ '3.2.7' ],
52 silly audit   'for-each': [ '0.3.3' ],
52 silly audit   'fs-constants': [ '1.0.0' ],
52 silly audit   'fs.realpath': [ '1.0.0' ],
52 silly audit   'function-bind': [ '1.1.1' ],
52 silly audit   'function.prototype.name': [ '1.1.5' ],
52 silly audit   'functions-have-names': [ '1.2.3' ],
52 silly audit   'get-intrinsic': [ '1.2.0' ],
52 silly audit   'get-symbol-description': [ '1.0.0' ],
52 silly audit   'get-tsconfig': [ '4.4.0' ],
52 silly audit   'github-from-package': [ '0.0.0' ],
52 silly audit   glob: [ '7.1.7' ],
52 silly audit   globals: [ '13.20.0' ],
52 silly audit   globalthis: [ '1.0.3' ],
52 silly audit   globalyzer: [ '0.1.0' ],
52 silly audit   globrex: [ '0.1.2' ],
52 silly audit   gopd: [ '1.0.1' ],
52 silly audit   'graceful-fs': [ '4.2.10' ],
52 silly audit   'grapheme-splitter': [ '1.0.4' ],
52 silly audit   has: [ '1.0.3' ],
52 silly audit   'has-bigints': [ '1.0.2' ],
52 silly audit   'has-flag': [ '4.0.0' ],
52 silly audit   'has-property-descriptors': [ '1.0.0' ],
52 silly audit   'has-proto': [ '1.0.1' ],
52 silly audit   'has-symbols': [ '1.0.3' ],
52 silly audit   'has-tostringtag': [ '1.0.0' ],
52 silly audit   'html-dom-parser': [ '3.1.3' ],
52 silly audit   'html-react-parser': [ '3.0.9' ],
52 silly audit   'html-to-text': [ '9.0.4' ],
52 silly audit   htmlparser2: [ '8.0.1' ],
52 silly audit   'iconv-lite': [ '0.6.3' ],
52 silly audit   ieee754: [ '1.2.1' ],
52 silly audit   ignore: [ '5.2.4' ],
52 silly audit   'image-size': [ '1.0.2' ],
52 silly audit   'import-fresh': [ '3.3.0' ],
52 silly audit   imurmurhash: [ '0.1.4' ],
52 silly audit   inflight: [ '1.0.6' ],
52 silly audit   inherits: [ '2.0.4' ],
52 silly audit   ini: [ '1.3.8' ],
52 silly audit   'inline-style-parser': [ '0.1.1' ],
52 silly audit   'internal-slot': [ '1.0.5' ],
52 silly audit   'is-arguments': [ '1.1.1' ],
52 silly audit   'is-array-buffer': [ '3.0.1' ],
52 silly audit   'is-arrayish': [ '0.3.2' ],
52 silly audit   'is-bigint': [ '1.0.4' ],
52 silly audit   'is-boolean-object': [ '1.1.2' ],
52 silly audit   'is-callable': [ '1.2.7' ],
52 silly audit   'is-core-module': [ '2.11.0' ],
52 silly audit   'is-date-object': [ '1.0.5' ],
52 silly audit   'is-docker': [ '2.2.1' ],
52 silly audit   'is-extglob': [ '2.1.1' ],
52 silly audit   'is-glob': [ '4.0.3' ],
52 silly audit   'is-map': [ '2.0.2' ],
52 silly audit   'is-negative-zero': [ '2.0.2' ],
52 silly audit   'is-number': [ '7.0.0' ],
52 silly audit   'is-number-object': [ '1.0.7' ],
52 silly audit   'is-path-inside': [ '3.0.3' ],
52 silly audit   'is-regex': [ '1.1.4' ],
52 silly audit   'is-set': [ '2.0.2' ],
52 silly audit   'is-shared-array-buffer': [ '1.0.2' ],
52 silly audit   'is-string': [ '1.0.7' ],
52 silly audit   'is-symbol': [ '1.0.4' ],
52 silly audit   'is-typed-array': [ '1.1.10' ],
52 silly audit   'is-weakmap': [ '2.0.1' ],
52 silly audit   'is-weakref': [ '1.0.2' ],
52 silly audit   'is-weakset': [ '2.0.2' ],
52 silly audit   'is-wsl': [ '2.2.0' ],
52 silly audit   isarray: [ '2.0.5' ],
52 silly audit   isexe: [ '2.0.0' ],
52 silly audit   'js-sdsl': [ '4.3.0' ],
52 silly audit   'js-tokens': [ '4.0.0' ],
52 silly audit   'js-yaml': [ '4.1.0' ],
52 silly audit   'json-schema-traverse': [ '0.4.1' ],
52 silly audit   'json-stable-stringify-without-jsonify': [ '1.0.1' ],
52 silly audit   json5: [ '1.0.2' ],
52 silly audit   'jsx-ast-utils': [ '3.3.3' ],
52 silly audit   'language-subtag-registry': [ '0.3.22' ],
52 silly audit   'language-tags': [ '1.0.5' ],
52 silly audit   leac: [ '0.6.0' ],
52 silly audit   levn: [ '0.4.1' ],
52 silly audit   'locate-path': [ '6.0.0' ],
52 silly audit   'lodash.merge': [ '4.6.2' ],
52 silly audit   'loose-envify': [ '1.4.0' ],
52 silly audit   'lru-cache': [ '6.0.0' ],
52 silly audit   merge2: [ '1.4.1' ],
52 silly audit   'microcms-js-sdk': [ '2.3.2' ],
52 silly audit   micromatch: [ '4.0.5' ],
52 silly audit   'mimic-response': [ '3.1.0' ],
52 silly audit   minimatch: [ '3.1.2' ],
52 silly audit   minimist: [ '1.2.8' ],
52 silly audit   'mkdirp-classic': [ '0.5.3' ],
52 silly audit   ms: [ '2.1.2' ],
52 silly audit   nanoid: [ '3.3.4' ],
52 silly audit   'napi-build-utils': [ '1.0.2' ],
52 silly audit   'natural-compare': [ '1.4.0' ],
52 silly audit   next: [ '13.1.6' ],
52 silly audit   'node-abi': [ '3.33.0' ],
52 silly audit   'node-addon-api': [ '5.1.0' ],
52 silly audit   'node-cache': [ '5.1.2' ],
52 silly audit   'node-fetch': [ '2.6.7' ],
52 silly audit   'object-assign': [ '4.1.1' ],
52 silly audit   'object-inspect': [ '1.12.3' ],
52 silly audit   'object-is': [ '1.1.5' ],
52 silly audit   'object-keys': [ '1.1.1' ],
52 silly audit   'object.assign': [ '4.1.4' ],
52 silly audit   'object.entries': [ '1.1.6' ],
52 silly audit   'object.fromentries': [ '2.0.6' ],
52 silly audit   'object.hasown': [ '1.1.2' ],
52 silly audit   'object.values': [ '1.1.6' ],
52 silly audit   once: [ '1.4.0' ],
52 silly audit   open: [ '8.4.1' ],
52 silly audit   optionator: [ '0.9.1' ],
52 silly audit   'p-limit': [ '3.1.0' ],
52 silly audit   'p-locate': [ '5.0.0' ],
52 silly audit   'parent-module': [ '1.0.1' ],
52 silly audit   parseley: [ '0.11.0' ],
52 silly audit   'path-exists': [ '4.0.0' ],
52 silly audit   'path-is-absolute': [ '1.0.1' ],
52 silly audit   'path-key': [ '3.1.1' ],
52 silly audit   'path-parse': [ '1.0.7' ],
52 silly audit   'path-type': [ '4.0.0' ],
52 silly audit   peberminta: [ '0.8.0' ],
52 silly audit   picocolors: [ '1.0.0' ],
52 silly audit   picomatch: [ '2.3.1' ],
52 silly audit   plaiceholder: [ '2.5.0' ],
52 silly audit   postcss: [ '8.4.14' ],
52 silly audit   'prebuild-install': [ '7.1.1' ],
52 silly audit   'prelude-ls': [ '1.2.1' ],
52 silly audit   'prop-types': [ '15.8.1' ],
52 silly audit   pump: [ '3.0.0' ],
52 silly audit   punycode: [ '2.3.0' ],
52 silly audit   qs: [ '6.11.0' ],
52 silly audit   queue: [ '6.0.2' ],
52 silly audit   'queue-microtask': [ '1.2.3' ],
52 silly audit   rc: [ '1.2.8' ],
52 silly audit   'strip-json-comments': [ '2.0.1', '3.1.1' ],
52 silly audit   react: [ '18.2.0' ],
52 silly audit   'react-dom': [ '18.2.0' ],
52 silly audit   'react-is': [ '16.13.1' ],
52 silly audit   'react-property': [ '2.0.0' ],
52 silly audit   'readable-stream': [ '3.6.0' ],
52 silly audit   'regenerator-runtime': [ '0.13.11' ],
52 silly audit   'regexp.prototype.flags': [ '1.4.3' ],
52 silly audit   regexpp: [ '3.2.0' ],
52 silly audit   'resolve-from': [ '4.0.0' ],
52 silly audit   reusify: [ '1.0.4' ],
52 silly audit   rimraf: [ '3.0.2' ],
52 silly audit   'run-parallel': [ '1.2.0' ],
52 silly audit   'safe-buffer': [ '5.2.1' ],
52 silly audit   'safe-regex-test': [ '1.0.0' ],
52 silly audit   'safer-buffer': [ '2.1.2' ],
52 silly audit   scheduler: [ '0.23.0' ],
52 silly audit   selderee: [ '0.10.0' ],
52 silly audit   'shebang-command': [ '2.0.0' ],
52 silly audit   'shebang-regex': [ '3.0.0' ],
52 silly audit   'side-channel': [ '1.0.4' ],
52 silly audit   'simple-concat': [ '1.0.1' ],
52 silly audit   'simple-get': [ '4.0.1' ],
52 silly audit   'simple-swizzle': [ '0.2.2' ],
52 silly audit   'source-map-js': [ '1.0.2' ],
52 silly audit   'stop-iteration-iterator': [ '1.0.0' ],
52 silly audit   string_decoder: [ '1.3.0' ],
52 silly audit   'string.prototype.matchall': [ '4.0.8' ],
52 silly audit   'string.prototype.trimend': [ '1.0.6' ],
52 silly audit   'string.prototype.trimstart': [ '1.0.6' ],
52 silly audit   'strip-ansi': [ '6.0.1' ],
52 silly audit   'strip-bom': [ '3.0.0' ],
52 silly audit   'style-to-js': [ '1.1.3' ],
52 silly audit   'style-to-object': [ '0.4.1' ],
52 silly audit   'styled-jsx': [ '5.1.1' ],
52 silly audit   'supports-color': [ '7.2.0' ],
52 silly audit   'supports-preserve-symlinks-flag': [ '1.0.0' ],
52 silly audit   synckit: [ '0.8.5' ],
52 silly audit   tapable: [ '2.2.1' ],
52 silly audit   'tar-fs': [ '2.1.1' ],
52 silly audit   'tar-stream': [ '2.2.0' ],
52 silly audit   'text-table': [ '0.2.0' ],
52 silly audit   'tiny-glob': [ '0.2.9' ],
52 silly audit   'to-regex-range': [ '5.0.1' ],
52 silly audit   tr46: [ '0.0.3' ],
52 silly audit   'tsconfig-paths': [ '3.14.1' ],
52 silly audit   tslib: [ '2.5.0', '1.14.1' ],
52 silly audit   tsutils: [ '3.21.0' ],
52 silly audit   'tunnel-agent': [ '0.6.0' ],
52 silly audit   'type-check': [ '0.4.0' ],
52 silly audit   'type-fest': [ '0.20.2' ],
52 silly audit   'typed-array-length': [ '1.0.4' ],
52 silly audit   typescript: [ '4.9.5' ],
52 silly audit   'unbox-primitive': [ '1.0.2' ],
52 silly audit   'uri-js': [ '4.4.1' ],
52 silly audit   'util-deprecate': [ '1.0.2' ],
52 silly audit   'webidl-conversions': [ '3.0.1' ],
52 silly audit   'whatwg-url': [ '5.0.0' ],
52 silly audit   which: [ '2.0.2' ],
52 silly audit   'which-boxed-primitive': [ '1.0.2' ],
52 silly audit   'which-collection': [ '1.0.1' ],
52 silly audit   'which-typed-array': [ '1.1.9' ],
52 silly audit   'word-wrap': [ '1.2.3' ],
52 silly audit   wrappy: [ '1.0.2' ],
52 silly audit   yallist: [ '4.0.0' ],
52 silly audit   'yocto-queue': [ '0.1.0' ],
52 silly audit   sharp: [ '0.31.3' ]
52 silly audit }
53 verbose reify failed optional dependency /home/vagrant/Project/my-fast-viran/node_modules/@next/swc-win32-x64-msvc
54 silly reify mark deleted [
54 silly reify   '/home/vagrant/Project/my-fast-viran/node_modules/@next/swc-win32-x64-msvc'
54 silly reify ]
55 verbose reify failed optional dependency /home/vagrant/Project/my-fast-viran/node_modules/@next/swc-win32-ia32-msvc
56 silly reify mark deleted [
56 silly reify   '/home/vagrant/Project/my-fast-viran/node_modules/@next/swc-win32-ia32-msvc'
56 silly reify ]
57 verbose reify failed optional dependency /home/vagrant/Project/my-fast-viran/node_modules/@next/swc-win32-arm64-msvc
58 silly reify mark deleted [
58 silly reify   '/home/vagrant/Project/my-fast-viran/node_modules/@next/swc-win32-arm64-msvc'
58 silly reify ]
59 verbose reify failed optional dependency /home/vagrant/Project/my-fast-viran/node_modules/@next/swc-linux-arm64-musl
60 silly reify mark deleted [
60 silly reify   '/home/vagrant/Project/my-fast-viran/node_modules/@next/swc-linux-arm64-musl'
60 silly reify ]
61 verbose reify failed optional dependency /home/vagrant/Project/my-fast-viran/node_modules/@next/swc-linux-arm64-gnu
62 silly reify mark deleted [
62 silly reify   '/home/vagrant/Project/my-fast-viran/node_modules/@next/swc-linux-arm64-gnu'
62 silly reify ]
63 verbose reify failed optional dependency /home/vagrant/Project/my-fast-viran/node_modules/@next/swc-linux-arm-gnueabihf
64 silly reify mark deleted [
64 silly reify   '/home/vagrant/Project/my-fast-viran/node_modules/@next/swc-linux-arm-gnueabihf'
64 silly reify ]
65 verbose reify failed optional dependency /home/vagrant/Project/my-fast-viran/node_modules/@next/swc-freebsd-x64
66 silly reify mark deleted [
66 silly reify   '/home/vagrant/Project/my-fast-viran/node_modules/@next/swc-freebsd-x64'
66 silly reify ]
67 verbose reify failed optional dependency /home/vagrant/Project/my-fast-viran/node_modules/@next/swc-darwin-x64
68 silly reify mark deleted [
68 silly reify   '/home/vagrant/Project/my-fast-viran/node_modules/@next/swc-darwin-x64'
68 silly reify ]
69 verbose reify failed optional dependency /home/vagrant/Project/my-fast-viran/node_modules/@next/swc-darwin-arm64
70 silly reify mark deleted [
70 silly reify   '/home/vagrant/Project/my-fast-viran/node_modules/@next/swc-darwin-arm64'
70 silly reify ]
71 verbose reify failed optional dependency /home/vagrant/Project/my-fast-viran/node_modules/@next/swc-android-arm64
72 silly reify mark deleted [
72 silly reify   '/home/vagrant/Project/my-fast-viran/node_modules/@next/swc-android-arm64'
72 silly reify ]
73 verbose reify failed optional dependency /home/vagrant/Project/my-fast-viran/node_modules/@next/swc-android-arm-eabi
74 silly reify mark deleted [
74 silly reify   '/home/vagrant/Project/my-fast-viran/node_modules/@next/swc-android-arm-eabi'
74 silly reify ]
75 timing reifyNode:node_modules/@next/swc-win32-x64-msvc Completed in 24ms
76 timing reifyNode:node_modules/@next/swc-win32-ia32-msvc Completed in 24ms
77 timing reifyNode:node_modules/@next/swc-win32-arm64-msvc Completed in 23ms
78 timing reifyNode:node_modules/@next/swc-linux-arm64-musl Completed in 23ms
79 timing reifyNode:node_modules/@next/swc-linux-arm64-gnu Completed in 23ms
80 timing reifyNode:node_modules/@next/swc-linux-arm-gnueabihf Completed in 23ms
81 timing reifyNode:node_modules/@next/swc-freebsd-x64 Completed in 23ms
82 timing reifyNode:node_modules/@next/swc-darwin-x64 Completed in 23ms
83 timing reifyNode:node_modules/@next/swc-darwin-arm64 Completed in 23ms
84 timing reifyNode:node_modules/@next/swc-android-arm64 Completed in 23ms
85 timing reifyNode:node_modules/@next/swc-android-arm-eabi Completed in 23ms
86 timing reify:unpack Completed in 24ms
87 timing reify:unretire Completed in 0ms
88 timing build:queue Completed in 3ms
89 timing build:deps Completed in 3ms
90 timing build Completed in 3ms
91 timing reify:build Completed in 3ms
92 timing reify:trash Completed in 1ms
93 timing reify:save Completed in 38ms
94 http fetch POST 200 https://registry.npmjs.org/-/npm/v1/security/advisories/bulk 842ms
95 timing auditReport:getReport Completed in 845ms
96 silly audit report {}
97 timing auditReport:init Completed in 0ms
98 timing reify:audit Completed in 846ms
99 timing reify Completed in 1168ms
100 silly ADD
101 silly ADD
102 silly ADD
103 silly ADD
104 silly ADD
105 silly ADD
106 silly ADD
107 silly ADD
108 silly ADD
109 silly ADD
110 silly ADD
111 timing command:install Completed in 1177ms
112 verbose exit 0
113 timing npm Completed in 1199ms
114 info ok
