0 verbose cli /home/vagrant/.nvm/versions/node/v19.2.0/bin/node /home/vagrant/.nvm/versions/node/v19.2.0/bin/npm
1 info using npm@9.5.0
2 info using node@v19.2.0
3 timing npm:load:whichnode Completed in 0ms
4 timing config:load:defaults Completed in 1ms
5 timing config:load:file:/home/vagrant/.nvm/versions/node/v19.2.0/lib/node_modules/npm/npmrc Completed in 1ms
6 timing config:load:builtin Completed in 1ms
7 timing config:load:cli Completed in 1ms
8 timing config:load:env Completed in 0ms
9 timing config:load:file:/home/vagrant/Project/my-fast-viran/.npmrc Completed in 0ms
10 timing config:load:project Completed in 3ms
11 timing config:load:file:/home/vagrant/.npmrc Completed in 0ms
12 timing config:load:user Completed in 0ms
13 timing config:load:file:/home/vagrant/.nvm/versions/node/v19.2.0/etc/npmrc Completed in 1ms
14 timing config:load:global Completed in 1ms
15 timing config:load:setEnvs Completed in 0ms
16 timing config:load Completed in 7ms
17 timing npm:load:configload Completed in 7ms
18 timing npm:load:mkdirpcache Completed in 0ms
19 timing npm:load:mkdirplogs Completed in 0ms
20 verbose title npm install html-to-text
21 verbose argv "install" "html-to-text"
22 timing npm:load:setTitle Completed in 0ms
23 timing config:load:flatten Completed in 2ms
24 timing npm:load:display Completed in 2ms
25 verbose logfile logs-max:10 dir:/home/vagrant/.npm/_logs/2023-02-19T14_01_15_992Z-
26 verbose logfile /home/vagrant/.npm/_logs/2023-02-19T14_01_15_992Z-debug-0.log
27 timing npm:load:logFile Completed in 3ms
28 timing npm:load:timers Completed in 0ms
29 timing npm:load:configScope Completed in 0ms
30 timing npm:load Completed in 13ms
31 timing arborist:ctor Completed in 1ms
32 silly logfile start cleaning logs, removing 1 files
33 silly logfile done cleaning log files
34 timing idealTree:init Completed in 133ms
35 timing idealTree:userRequests Completed in 3ms
36 silly idealTree buildDeps
37 silly fetch manifest html-to-text@*
38 timing arborist:ctor Completed in 0ms
39 http fetch GET 200 https://registry.npmjs.org/html-to-text 921ms (cache revalidated)
40 silly placeDep ROOT html-to-text@9.0.4 OK for: my-fast-viran@0.1.0 want: *
41 silly fetch manifest @selderee/plugin-htmlparser2@^0.10.0
42 silly fetch manifest deepmerge@^4.3.0
43 silly fetch manifest selderee@^0.10.0
44 http fetch GET 200 https://registry.npmjs.org/deepmerge 800ms (cache revalidated)
45 http fetch GET 200 https://registry.npmjs.org/selderee 799ms (cache revalidated)
46 http fetch GET 200 https://registry.npmjs.org/@selderee%2fplugin-htmlparser2 1515ms (cache revalidated)
47 timing idealTree:#root Completed in 2444ms
48 silly placeDep ROOT @selderee/plugin-htmlparser2@0.10.0 OK for: html-to-text@9.0.4 want: ^0.10.0
49 silly placeDep ROOT deepmerge@4.3.0 OK for: html-to-text@9.0.4 want: ^4.3.0
50 silly placeDep ROOT selderee@0.10.0 OK for: html-to-text@9.0.4 want: ^0.10.0
51 silly fetch manifest parseley@^0.11.0
52 http fetch GET 200 https://registry.npmjs.org/parseley 710ms (cache revalidated)
53 timing idealTree:node_modules/html-to-text Completed in 714ms
54 timing idealTree:node_modules/@selderee/plugin-htmlparser2 Completed in 0ms
55 timing idealTree:node_modules/deepmerge Completed in 0ms
56 silly placeDep ROOT parseley@0.11.0 OK for: selderee@0.10.0 want: ^0.11.0
57 silly fetch manifest leac@^0.6.0
58 silly fetch manifest peberminta@^0.8.0
59 http fetch GET 200 https://registry.npmjs.org/peberminta 718ms (cache revalidated)
60 http fetch GET 200 https://registry.npmjs.org/leac 719ms (cache revalidated)
61 timing idealTree:node_modules/selderee Completed in 721ms
62 silly placeDep ROOT leac@0.6.0 OK for: parseley@0.11.0 want: ^0.6.0
63 silly placeDep ROOT peberminta@0.8.0 OK for: parseley@0.11.0 want: ^0.8.0
64 timing idealTree:node_modules/parseley Completed in 2ms
65 timing idealTree:node_modules/leac Completed in 0ms
66 timing idealTree:node_modules/peberminta Completed in 0ms
67 timing idealTree:buildDeps Completed in 3881ms
68 timing idealTree:fixDepFlags Completed in 10ms
69 timing idealTree Completed in 4034ms
70 timing reify:loadTrees Completed in 4035ms
71 timing reify:diffTrees Completed in 3ms
72 silly reify moves {}
73 timing reify:retireShallow Completed in 0ms
74 timing reify:createSparse Completed in 3ms
75 timing reify:loadBundles Completed in 0ms
76 silly audit bulk request {
76 silly audit   '@babel/runtime': [ '7.20.13' ],
76 silly audit   '@eslint/eslintrc': [ '1.4.1' ],
76 silly audit   '@fortawesome/fontawesome-common-types': [ '6.3.0' ],
76 silly audit   '@fortawesome/fontawesome-svg-core': [ '6.3.0' ],
76 silly audit   '@fortawesome/free-brands-svg-icons': [ '6.3.0' ],
76 silly audit   '@fortawesome/free-regular-svg-icons': [ '6.3.0' ],
76 silly audit   '@fortawesome/free-solid-svg-icons': [ '6.3.0' ],
76 silly audit   '@fortawesome/react-fontawesome': [ '0.2.0' ],
76 silly audit   '@humanwhocodes/config-array': [ '0.11.8' ],
76 silly audit   '@humanwhocodes/module-importer': [ '1.0.1' ],
76 silly audit   '@humanwhocodes/object-schema': [ '1.2.1' ],
76 silly audit   '@next/env': [ '13.1.6' ],
76 silly audit   '@next/eslint-plugin-next': [ '13.1.6' ],
76 silly audit   '@next/font': [ '13.1.6' ],
76 silly audit   '@next/swc-android-arm-eabi': [ '13.1.6' ],
76 silly audit   '@next/swc-android-arm64': [ '13.1.6' ],
76 silly audit   '@next/swc-darwin-arm64': [ '13.1.6' ],
76 silly audit   '@next/swc-darwin-x64': [ '13.1.6' ],
76 silly audit   '@next/swc-freebsd-x64': [ '13.1.6' ],
76 silly audit   '@next/swc-linux-arm-gnueabihf': [ '13.1.6' ],
76 silly audit   '@next/swc-linux-arm64-gnu': [ '13.1.6' ],
76 silly audit   '@next/swc-linux-arm64-musl': [ '13.1.6' ],
76 silly audit   '@next/swc-linux-x64-gnu': [ '13.1.6' ],
76 silly audit   '@next/swc-linux-x64-musl': [ '13.1.6' ],
76 silly audit   '@next/swc-win32-arm64-msvc': [ '13.1.6' ],
76 silly audit   '@next/swc-win32-ia32-msvc': [ '13.1.6' ],
76 silly audit   '@next/swc-win32-x64-msvc': [ '13.1.6' ],
76 silly audit   '@nodelib/fs.scandir': [ '2.1.5' ],
76 silly audit   '@nodelib/fs.stat': [ '2.0.5' ],
76 silly audit   '@nodelib/fs.walk': [ '1.2.8' ],
76 silly audit   '@pkgr/utils': [ '2.3.1' ],
76 silly audit   '@rushstack/eslint-patch': [ '1.2.0' ],
76 silly audit   '@swc/helpers': [ '0.4.14' ],
76 silly audit   '@types/json5': [ '0.0.29' ],
76 silly audit   '@typescript-eslint/parser': [ '5.52.0' ],
76 silly audit   '@typescript-eslint/scope-manager': [ '5.52.0' ],
76 silly audit   '@typescript-eslint/types': [ '5.52.0' ],
76 silly audit   '@typescript-eslint/typescript-estree': [ '5.52.0' ],
76 silly audit   '@typescript-eslint/visitor-keys': [ '5.52.0' ],
76 silly audit   acorn: [ '8.8.2' ],
76 silly audit   'acorn-jsx': [ '5.3.2' ],
76 silly audit   ajv: [ '6.12.6' ],
76 silly audit   'ansi-regex': [ '5.0.1' ],
76 silly audit   'ansi-styles': [ '4.3.0' ],
76 silly audit   argparse: [ '2.0.1' ],
76 silly audit   'aria-query': [ '5.1.3' ],
76 silly audit   'array-includes': [ '3.1.6' ],
76 silly audit   'array-union': [ '2.1.0' ],
76 silly audit   'array.prototype.flat': [ '1.3.1' ],
76 silly audit   'array.prototype.flatmap': [ '1.3.1' ],
76 silly audit   'array.prototype.tosorted': [ '1.1.1' ],
76 silly audit   'ast-types-flow': [ '0.0.7' ],
76 silly audit   'available-typed-arrays': [ '1.0.5' ],
76 silly audit   'axe-core': [ '4.6.3' ],
76 silly audit   'axobject-query': [ '3.1.1' ],
76 silly audit   'balanced-match': [ '1.0.2' ],
76 silly audit   'brace-expansion': [ '1.1.11' ],
76 silly audit   braces: [ '3.0.2' ],
76 silly audit   'call-bind': [ '1.0.2' ],
76 silly audit   callsites: [ '3.1.0' ],
76 silly audit   'caniuse-lite': [ '1.0.30001456' ],
76 silly audit   chalk: [ '4.1.2' ],
76 silly audit   'client-only': [ '0.0.1' ],
76 silly audit   'color-convert': [ '2.0.1' ],
76 silly audit   'color-name': [ '1.1.4' ],
76 silly audit   'concat-map': [ '0.0.1' ],
76 silly audit   'cross-fetch': [ '3.1.5' ],
76 silly audit   'cross-spawn': [ '7.0.3' ],
76 silly audit   'damerau-levenshtein': [ '1.0.8' ],
76 silly audit   'date-fns': [ '2.29.3' ],
76 silly audit   debug: [ '4.3.4', '3.2.7' ],
76 silly audit   'deep-equal': [ '2.2.0' ],
76 silly audit   'deep-is': [ '0.1.4' ],
76 silly audit   'define-lazy-prop': [ '2.0.0' ],
76 silly audit   'define-properties': [ '1.2.0' ],
76 silly audit   'dir-glob': [ '3.0.1' ],
76 silly audit   doctrine: [ '3.0.0', '2.1.0' ],
76 silly audit   'dom-serializer': [ '2.0.0' ],
76 silly audit   domelementtype: [ '2.3.0' ],
76 silly audit   domhandler: [ '5.0.3' ],
76 silly audit   domutils: [ '3.0.1' ],
76 silly audit   'emoji-regex': [ '9.2.2' ],
76 silly audit   'enhanced-resolve': [ '5.12.0' ],
76 silly audit   entities: [ '4.4.0' ],
76 silly audit   'es-abstract': [ '1.21.1' ],
76 silly audit   'es-get-iterator': [ '1.1.3' ],
76 silly audit   'es-set-tostringtag': [ '2.0.1' ],
76 silly audit   'es-shim-unscopables': [ '1.0.0' ],
76 silly audit   'es-to-primitive': [ '1.2.1' ],
76 silly audit   'escape-string-regexp': [ '4.0.0' ],
76 silly audit   eslint: [ '8.34.0' ],
76 silly audit   'eslint-config-next': [ '13.1.6' ],
76 silly audit   'eslint-import-resolver-node': [ '0.3.7' ],
76 silly audit   'eslint-import-resolver-typescript': [ '3.5.3' ],
76 silly audit   globby: [ '13.1.3', '11.1.0' ],
76 silly audit   slash: [ '4.0.0', '3.0.0' ],
76 silly audit   'eslint-module-utils': [ '2.7.4' ],
76 silly audit   'eslint-plugin-import': [ '2.27.5' ],
76 silly audit   semver: [ '6.3.0', '7.3.8' ],
76 silly audit   'eslint-plugin-jsx-a11y': [ '6.7.1' ],
76 silly audit   'eslint-plugin-react': [ '7.32.2' ],
76 silly audit   'eslint-plugin-react-hooks': [ '4.6.0' ],
76 silly audit   resolve: [ '2.0.0-next.4', '1.22.1' ],
76 silly audit   'eslint-scope': [ '7.1.1' ],
76 silly audit   'eslint-utils': [ '3.0.0' ],
76 silly audit   'eslint-visitor-keys': [ '2.1.0', '3.3.0' ],
76 silly audit   espree: [ '9.4.1' ],
76 silly audit   esquery: [ '1.4.2' ],
76 silly audit   esrecurse: [ '4.3.0' ],
76 silly audit   estraverse: [ '5.3.0' ],
76 silly audit   esutils: [ '2.0.3' ],
76 silly audit   'fast-deep-equal': [ '3.1.3' ],
76 silly audit   'fast-glob': [ '3.2.12' ],
76 silly audit   'glob-parent': [ '5.1.2', '6.0.2' ],
76 silly audit   'fast-json-stable-stringify': [ '2.1.0' ],
76 silly audit   'fast-levenshtein': [ '2.0.6' ],
76 silly audit   fastq: [ '1.15.0' ],
76 silly audit   'file-entry-cache': [ '6.0.1' ],
76 silly audit   'fill-range': [ '7.0.1' ],
76 silly audit   'find-up': [ '5.0.0' ],
76 silly audit   'flat-cache': [ '3.0.4' ],
76 silly audit   flatted: [ '3.2.7' ],
76 silly audit   'for-each': [ '0.3.3' ],
76 silly audit   'fs.realpath': [ '1.0.0' ],
76 silly audit   'function-bind': [ '1.1.1' ],
76 silly audit   'function.prototype.name': [ '1.1.5' ],
76 silly audit   'functions-have-names': [ '1.2.3' ],
76 silly audit   'get-intrinsic': [ '1.2.0' ],
76 silly audit   'get-symbol-description': [ '1.0.0' ],
76 silly audit   'get-tsconfig': [ '4.4.0' ],
76 silly audit   glob: [ '7.1.7' ],
76 silly audit   globals: [ '13.20.0' ],
76 silly audit   globalthis: [ '1.0.3' ],
76 silly audit   globalyzer: [ '0.1.0' ],
76 silly audit   globrex: [ '0.1.2' ],
76 silly audit   gopd: [ '1.0.1' ],
76 silly audit   'graceful-fs': [ '4.2.10' ],
76 silly audit   'grapheme-splitter': [ '1.0.4' ],
76 silly audit   has: [ '1.0.3' ],
76 silly audit   'has-bigints': [ '1.0.2' ],
76 silly audit   'has-flag': [ '4.0.0' ],
76 silly audit   'has-property-descriptors': [ '1.0.0' ],
76 silly audit   'has-proto': [ '1.0.1' ],
76 silly audit   'has-symbols': [ '1.0.3' ],
76 silly audit   'has-tostringtag': [ '1.0.0' ],
76 silly audit   'html-dom-parser': [ '3.1.3' ],
76 silly audit   'html-react-parser': [ '3.0.9' ],
76 silly audit   htmlparser2: [ '8.0.1' ],
76 silly audit   ignore: [ '5.2.4' ],
76 silly audit   'import-fresh': [ '3.3.0' ],
76 silly audit   imurmurhash: [ '0.1.4' ],
76 silly audit   inflight: [ '1.0.6' ],
76 silly audit   inherits: [ '2.0.4' ],
76 silly audit   'inline-style-parser': [ '0.1.1' ],
76 silly audit   'internal-slot': [ '1.0.5' ],
76 silly audit   'is-arguments': [ '1.1.1' ],
76 silly audit   'is-array-buffer': [ '3.0.1' ],
76 silly audit   'is-bigint': [ '1.0.4' ],
76 silly audit   'is-boolean-object': [ '1.1.2' ],
76 silly audit   'is-callable': [ '1.2.7' ],
76 silly audit   'is-core-module': [ '2.11.0' ],
76 silly audit   'is-date-object': [ '1.0.5' ],
76 silly audit   'is-docker': [ '2.2.1' ],
76 silly audit   'is-extglob': [ '2.1.1' ],
76 silly audit   'is-glob': [ '4.0.3' ],
76 silly audit   'is-map': [ '2.0.2' ],
76 silly audit   'is-negative-zero': [ '2.0.2' ],
76 silly audit   'is-number': [ '7.0.0' ],
76 silly audit   'is-number-object': [ '1.0.7' ],
76 silly audit   'is-path-inside': [ '3.0.3' ],
76 silly audit   'is-regex': [ '1.1.4' ],
76 silly audit   'is-set': [ '2.0.2' ],
76 silly audit   'is-shared-array-buffer': [ '1.0.2' ],
76 silly audit   'is-string': [ '1.0.7' ],
76 silly audit   'is-symbol': [ '1.0.4' ],
76 silly audit   'is-typed-array': [ '1.1.10' ],
76 silly audit   'is-weakmap': [ '2.0.1' ],
76 silly audit   'is-weakref': [ '1.0.2' ],
76 silly audit   'is-weakset': [ '2.0.2' ],
76 silly audit   'is-wsl': [ '2.2.0' ],
76 silly audit   isarray: [ '2.0.5' ],
76 silly audit   isexe: [ '2.0.0' ],
76 silly audit   'js-sdsl': [ '4.3.0' ],
76 silly audit   'js-tokens': [ '4.0.0' ],
76 silly audit   'js-yaml': [ '4.1.0' ],
76 silly audit   'json-schema-traverse': [ '0.4.1' ],
76 silly audit   'json-stable-stringify-without-jsonify': [ '1.0.1' ],
76 silly audit   json5: [ '1.0.2' ],
76 silly audit   'jsx-ast-utils': [ '3.3.3' ],
76 silly audit   'language-subtag-registry': [ '0.3.22' ],
76 silly audit   'language-tags': [ '1.0.5' ],
76 silly audit   levn: [ '0.4.1' ],
76 silly audit   'locate-path': [ '6.0.0' ],
76 silly audit   'lodash.merge': [ '4.6.2' ],
76 silly audit   'loose-envify': [ '1.4.0' ],
76 silly audit   'lru-cache': [ '6.0.0' ],
76 silly audit   merge2: [ '1.4.1' ],
76 silly audit   'microcms-js-sdk': [ '2.3.2' ],
76 silly audit   micromatch: [ '4.0.5' ],
76 silly audit   minimatch: [ '3.1.2' ],
76 silly audit   minimist: [ '1.2.8' ],
76 silly audit   ms: [ '2.1.2' ],
76 silly audit   nanoid: [ '3.3.4' ],
76 silly audit   'natural-compare': [ '1.4.0' ],
76 silly audit   next: [ '13.1.6' ],
76 silly audit   'node-fetch': [ '2.6.7' ],
76 silly audit   'object-assign': [ '4.1.1' ],
76 silly audit   'object-inspect': [ '1.12.3' ],
76 silly audit   'object-is': [ '1.1.5' ],
76 silly audit   'object-keys': [ '1.1.1' ],
76 silly audit   'object.assign': [ '4.1.4' ],
76 silly audit   'object.entries': [ '1.1.6' ],
76 silly audit   'object.fromentries': [ '2.0.6' ],
76 silly audit   'object.hasown': [ '1.1.2' ],
76 silly audit   'object.values': [ '1.1.6' ],
76 silly audit   once: [ '1.4.0' ],
76 silly audit   open: [ '8.4.1' ],
76 silly audit   optionator: [ '0.9.1' ],
76 silly audit   'p-limit': [ '3.1.0' ],
76 silly audit   'p-locate': [ '5.0.0' ],
76 silly audit   'parent-module': [ '1.0.1' ],
76 silly audit   'path-exists': [ '4.0.0' ],
76 silly audit   'path-is-absolute': [ '1.0.1' ],
76 silly audit   'path-key': [ '3.1.1' ],
76 silly audit   'path-parse': [ '1.0.7' ],
76 silly audit   'path-type': [ '4.0.0' ],
76 silly audit   picocolors: [ '1.0.0' ],
76 silly audit   picomatch: [ '2.3.1' ],
76 silly audit   postcss: [ '8.4.14' ],
76 silly audit   'prelude-ls': [ '1.2.1' ],
76 silly audit   'prop-types': [ '15.8.1' ],
76 silly audit   punycode: [ '2.3.0' ],
76 silly audit   qs: [ '6.11.0' ],
76 silly audit   'queue-microtask': [ '1.2.3' ],
76 silly audit   react: [ '18.2.0' ],
76 silly audit   'react-dom': [ '18.2.0' ],
76 silly audit   'react-is': [ '16.13.1' ],
76 silly audit   'react-property': [ '2.0.0' ],
76 silly audit   'regenerator-runtime': [ '0.13.11' ],
76 silly audit   'regexp.prototype.flags': [ '1.4.3' ],
76 silly audit   regexpp: [ '3.2.0' ],
76 silly audit   'resolve-from': [ '4.0.0' ],
76 silly audit   reusify: [ '1.0.4' ],
76 silly audit   rimraf: [ '3.0.2' ],
76 silly audit   'run-parallel': [ '1.2.0' ],
76 silly audit   'safe-regex-test': [ '1.0.0' ],
76 silly audit   scheduler: [ '0.23.0' ],
76 silly audit   'shebang-command': [ '2.0.0' ],
76 silly audit   'shebang-regex': [ '3.0.0' ],
76 silly audit   'side-channel': [ '1.0.4' ],
76 silly audit   'source-map-js': [ '1.0.2' ],
76 silly audit   'stop-iteration-iterator': [ '1.0.0' ],
76 silly audit   'string.prototype.matchall': [ '4.0.8' ],
76 silly audit   'string.prototype.trimend': [ '1.0.6' ],
76 silly audit   'string.prototype.trimstart': [ '1.0.6' ],
76 silly audit   'strip-ansi': [ '6.0.1' ],
76 silly audit   'strip-bom': [ '3.0.0' ],
76 silly audit   'strip-json-comments': [ '3.1.1' ],
76 silly audit   'style-to-js': [ '1.1.3' ],
76 silly audit   'style-to-object': [ '0.4.1' ],
76 silly audit   'styled-jsx': [ '5.1.1' ],
76 silly audit   'supports-color': [ '7.2.0' ],
76 silly audit   'supports-preserve-symlinks-flag': [ '1.0.0' ],
76 silly audit   synckit: [ '0.8.5' ],
76 silly audit   tapable: [ '2.2.1' ],
76 silly audit   'text-table': [ '0.2.0' ],
76 silly audit   'tiny-glob': [ '0.2.9' ],
76 silly audit   'to-regex-range': [ '5.0.1' ],
76 silly audit   tr46: [ '0.0.3' ],
76 silly audit   'tsconfig-paths': [ '3.14.1' ],
76 silly audit   tslib: [ '2.5.0', '1.14.1' ],
76 silly audit   tsutils: [ '3.21.0' ],
76 silly audit   'type-check': [ '0.4.0' ],
76 silly audit   'type-fest': [ '0.20.2' ],
76 silly audit   'typed-array-length': [ '1.0.4' ],
76 silly audit   typescript: [ '4.9.5' ],
76 silly audit   'unbox-primitive': [ '1.0.2' ],
76 silly audit   'uri-js': [ '4.4.1' ],
76 silly audit   'webidl-conversions': [ '3.0.1' ],
76 silly audit   'whatwg-url': [ '5.0.0' ],
76 silly audit   which: [ '2.0.2' ],
76 silly audit   'which-boxed-primitive': [ '1.0.2' ],
76 silly audit   'which-collection': [ '1.0.1' ],
76 silly audit   'which-typed-array': [ '1.1.9' ],
76 silly audit   'word-wrap': [ '1.2.3' ],
76 silly audit   wrappy: [ '1.0.2' ],
76 silly audit   yallist: [ '4.0.0' ],
76 silly audit   'yocto-queue': [ '0.1.0' ],
76 silly audit   'html-to-text': [ '9.0.4' ],
76 silly audit   '@selderee/plugin-htmlparser2': [ '0.10.0' ],
76 silly audit   deepmerge: [ '4.3.0' ],
76 silly audit   selderee: [ '0.10.0' ],
76 silly audit   parseley: [ '0.11.0' ],
76 silly audit   leac: [ '0.6.0' ],
76 silly audit   peberminta: [ '0.8.0' ]
76 silly audit }
77 verbose reify failed optional dependency /home/vagrant/Project/my-fast-viran/node_modules/@next/swc-win32-x64-msvc
78 silly reify mark deleted [
78 silly reify   '/home/vagrant/Project/my-fast-viran/node_modules/@next/swc-win32-x64-msvc'
78 silly reify ]
79 verbose reify failed optional dependency /home/vagrant/Project/my-fast-viran/node_modules/@next/swc-win32-ia32-msvc
80 silly reify mark deleted [
80 silly reify   '/home/vagrant/Project/my-fast-viran/node_modules/@next/swc-win32-ia32-msvc'
80 silly reify ]
81 verbose reify failed optional dependency /home/vagrant/Project/my-fast-viran/node_modules/@next/swc-win32-arm64-msvc
82 silly reify mark deleted [
82 silly reify   '/home/vagrant/Project/my-fast-viran/node_modules/@next/swc-win32-arm64-msvc'
82 silly reify ]
83 verbose reify failed optional dependency /home/vagrant/Project/my-fast-viran/node_modules/@next/swc-linux-arm64-musl
84 silly reify mark deleted [
84 silly reify   '/home/vagrant/Project/my-fast-viran/node_modules/@next/swc-linux-arm64-musl'
84 silly reify ]
85 verbose reify failed optional dependency /home/vagrant/Project/my-fast-viran/node_modules/@next/swc-linux-arm64-gnu
86 silly reify mark deleted [
86 silly reify   '/home/vagrant/Project/my-fast-viran/node_modules/@next/swc-linux-arm64-gnu'
86 silly reify ]
87 verbose reify failed optional dependency /home/vagrant/Project/my-fast-viran/node_modules/@next/swc-linux-arm-gnueabihf
88 silly reify mark deleted [
88 silly reify   '/home/vagrant/Project/my-fast-viran/node_modules/@next/swc-linux-arm-gnueabihf'
88 silly reify ]
89 verbose reify failed optional dependency /home/vagrant/Project/my-fast-viran/node_modules/@next/swc-freebsd-x64
90 silly reify mark deleted [
90 silly reify   '/home/vagrant/Project/my-fast-viran/node_modules/@next/swc-freebsd-x64'
90 silly reify ]
91 verbose reify failed optional dependency /home/vagrant/Project/my-fast-viran/node_modules/@next/swc-darwin-x64
92 silly reify mark deleted [
92 silly reify   '/home/vagrant/Project/my-fast-viran/node_modules/@next/swc-darwin-x64'
92 silly reify ]
93 verbose reify failed optional dependency /home/vagrant/Project/my-fast-viran/node_modules/@next/swc-darwin-arm64
94 silly reify mark deleted [
94 silly reify   '/home/vagrant/Project/my-fast-viran/node_modules/@next/swc-darwin-arm64'
94 silly reify ]
95 verbose reify failed optional dependency /home/vagrant/Project/my-fast-viran/node_modules/@next/swc-android-arm64
96 silly reify mark deleted [
96 silly reify   '/home/vagrant/Project/my-fast-viran/node_modules/@next/swc-android-arm64'
96 silly reify ]
97 verbose reify failed optional dependency /home/vagrant/Project/my-fast-viran/node_modules/@next/swc-android-arm-eabi
98 silly reify mark deleted [
98 silly reify   '/home/vagrant/Project/my-fast-viran/node_modules/@next/swc-android-arm-eabi'
98 silly reify ]
99 timing reifyNode:node_modules/@next/swc-win32-x64-msvc Completed in 4ms
100 timing reifyNode:node_modules/@next/swc-win32-ia32-msvc Completed in 4ms
101 timing reifyNode:node_modules/@next/swc-win32-arm64-msvc Completed in 4ms
102 timing reifyNode:node_modules/@next/swc-linux-arm64-musl Completed in 4ms
103 timing reifyNode:node_modules/@next/swc-linux-arm64-gnu Completed in 4ms
104 timing reifyNode:node_modules/@next/swc-linux-arm-gnueabihf Completed in 4ms
105 timing reifyNode:node_modules/@next/swc-freebsd-x64 Completed in 4ms
106 timing reifyNode:node_modules/@next/swc-darwin-x64 Completed in 4ms
107 timing reifyNode:node_modules/@next/swc-darwin-arm64 Completed in 4ms
108 timing reifyNode:node_modules/@next/swc-android-arm64 Completed in 4ms
109 timing reifyNode:node_modules/@next/swc-android-arm-eabi Completed in 4ms
110 timing reifyNode:node_modules/@selderee/plugin-htmlparser2 Completed in 28ms
111 timing reifyNode:node_modules/leac Completed in 29ms
112 timing reifyNode:node_modules/deepmerge Completed in 30ms
113 timing reifyNode:node_modules/parseley Completed in 30ms
114 timing reifyNode:node_modules/html-to-text Completed in 31ms
115 timing reifyNode:node_modules/selderee Completed in 31ms
116 timing reifyNode:node_modules/peberminta Completed in 32ms
117 timing reify:unpack Completed in 32ms
118 timing reify:unretire Completed in 1ms
119 timing build:queue Completed in 1ms
120 timing build:deps Completed in 1ms
121 timing build Completed in 1ms
122 timing reify:build Completed in 1ms
123 timing reify:trash Completed in 1ms
124 timing reify:save Completed in 43ms
125 http fetch POST 200 https://registry.npmjs.org/-/npm/v1/security/advisories/bulk 376ms
126 timing auditReport:getReport Completed in 380ms
127 silly audit report {}
128 timing auditReport:init Completed in 0ms
129 timing reify:audit Completed in 381ms
130 timing reify Completed in 4428ms
131 silly ADD node_modules/peberminta
132 silly ADD node_modules/leac
133 silly ADD node_modules/parseley
134 silly ADD node_modules/selderee
135 silly ADD node_modules/deepmerge
136 silly ADD node_modules/@selderee/plugin-htmlparser2
137 silly ADD node_modules/html-to-text
138 silly ADD
139 silly ADD
140 silly ADD
141 silly ADD
142 silly ADD
143 silly ADD
144 silly ADD
145 silly ADD
146 silly ADD
147 silly ADD
148 silly ADD
149 timing command:install Completed in 4440ms
150 verbose exit 0
151 timing npm Completed in 4460ms
152 info ok
