0 verbose cli /home/vagrant/.nvm/versions/node/v19.2.0/bin/node /home/vagrant/.nvm/versions/node/v19.2.0/bin/npm
1 info using npm@9.5.0
2 info using node@v19.2.0
3 timing npm:load:whichnode Completed in 1ms
4 timing config:load:defaults Completed in 1ms
5 timing config:load:file:/home/vagrant/.nvm/versions/node/v19.2.0/lib/node_modules/npm/npmrc Completed in 0ms
6 timing config:load:builtin Completed in 0ms
7 timing config:load:cli Completed in 1ms
8 timing config:load:env Completed in 1ms
9 timing config:load:file:/home/vagrant/Project/my-fast-viran/.npmrc Completed in 0ms
10 timing config:load:project Completed in 1ms
11 timing config:load:file:/home/vagrant/.npmrc Completed in 0ms
12 timing config:load:user Completed in 0ms
13 timing config:load:file:/home/vagrant/.nvm/versions/node/v19.2.0/etc/npmrc Completed in 1ms
14 timing config:load:global Completed in 1ms
15 timing config:load:setEnvs Completed in 0ms
16 timing config:load Completed in 5ms
17 timing npm:load:configload Completed in 5ms
18 timing npm:load:mkdirpcache Completed in 0ms
19 timing npm:load:mkdirplogs Completed in 0ms
20 verbose title npm install plaiceholder
21 verbose argv "install" "plaiceholder"
22 timing npm:load:setTitle Completed in 1ms
23 timing config:load:flatten Completed in 2ms
24 timing npm:load:display Completed in 2ms
25 verbose logfile logs-max:10 dir:/home/vagrant/.npm/_logs/2023-02-19T14_01_36_775Z-
26 verbose logfile /home/vagrant/.npm/_logs/2023-02-19T14_01_36_775Z-debug-0.log
27 timing npm:load:logFile Completed in 2ms
28 timing npm:load:timers Completed in 0ms
29 timing npm:load:configScope Completed in 0ms
30 timing npm:load Completed in 12ms
31 timing arborist:ctor Completed in 1ms
32 silly logfile start cleaning logs, removing 1 files
33 silly logfile done cleaning log files
34 timing idealTree:init Completed in 141ms
35 timing idealTree:userRequests Completed in 1ms
36 silly idealTree buildDeps
37 silly fetch manifest plaiceholder@*
38 timing arborist:ctor Completed in 0ms
39 http fetch GET 200 https://registry.npmjs.org/plaiceholder 925ms (cache revalidated)
40 silly fetch manifest sharp@>= 0.30.6
41 http fetch GET 200 https://registry.npmjs.org/sharp 655ms (cache revalidated)
42 silly placeDep ROOT plaiceholder@2.5.0 OK for: my-fast-viran@0.1.0 want: *
43 silly placeDep ROOT sharp@0.31.3 OK for: plaiceholder@2.5.0 want: >= 0.30.6
44 silly fetch manifest blurhash@1.1.5
45 silly fetch manifest encoding@0.1.13
46 silly fetch manifest image-size@1.0.2
47 silly fetch manifest node-cache@5.1.2
48 silly fetch manifest color@^4.2.3
49 silly fetch manifest detect-libc@^2.0.1
50 silly fetch manifest node-addon-api@^5.0.0
51 silly fetch manifest prebuild-install@^7.1.1
52 silly fetch manifest simple-get@^4.0.1
53 silly fetch manifest tar-fs@^2.1.1
54 silly fetch manifest tunnel-agent@^0.6.0
55 http fetch GET 200 https://registry.npmjs.org/encoding 28ms (cache hit)
56 http fetch GET 200 https://registry.npmjs.org/node-addon-api 170ms (cache revalidated)
57 http fetch GET 200 https://registry.npmjs.org/blurhash 643ms (cache revalidated)
58 http fetch GET 200 https://registry.npmjs.org/image-size 714ms (cache revalidated)
59 http fetch GET 200 https://registry.npmjs.org/prebuild-install 733ms (cache revalidated)
60 http fetch GET 200 https://registry.npmjs.org/color 744ms (cache revalidated)
61 http fetch GET 200 https://registry.npmjs.org/tunnel-agent 743ms (cache revalidated)
62 http fetch GET 200 https://registry.npmjs.org/tar-fs 744ms (cache revalidated)
63 http fetch GET 200 https://registry.npmjs.org/node-cache 750ms (cache revalidated)
64 http fetch GET 200 https://registry.npmjs.org/simple-get 749ms (cache revalidated)
65 http fetch GET 200 https://registry.npmjs.org/detect-libc 785ms (cache revalidated)
66 timing idealTree:#root Completed in 2383ms
67 silly placeDep ROOT blurhash@1.1.5 OK for: plaiceholder@2.5.0 want: 1.1.5
68 silly placeDep ROOT encoding@0.1.13 OK for: plaiceholder@2.5.0 want: 0.1.13
69 silly placeDep ROOT image-size@1.0.2 OK for: plaiceholder@2.5.0 want: 1.0.2
70 silly placeDep ROOT node-cache@5.1.2 OK for: plaiceholder@2.5.0 want: 5.1.2
71 silly fetch manifest iconv-lite@^0.6.2
72 silly fetch manifest queue@6.0.2
73 silly fetch manifest clone@2.x
74 http fetch GET 200 https://registry.npmjs.org/iconv-lite 63ms (cache revalidated)
75 http fetch GET 200 https://registry.npmjs.org/queue 660ms (cache revalidated)
76 http fetch GET 200 https://registry.npmjs.org/clone 660ms (cache revalidated)
77 timing idealTree:node_modules/plaiceholder Completed in 674ms
78 timing idealTree:node_modules/blurhash Completed in 0ms
79 silly placeDep ROOT iconv-lite@0.6.3 OK for: encoding@0.1.13 want: ^0.6.2
80 silly fetch manifest safer-buffer@>= 2.1.2 < 3.0.0
81 http fetch GET 200 https://registry.npmjs.org/safer-buffer 55ms (cache revalidated)
82 timing idealTree:node_modules/encoding Completed in 57ms
83 silly placeDep ROOT safer-buffer@2.1.2 OK for: iconv-lite@0.6.3 want: >= 2.1.2 < 3.0.0
84 timing idealTree:node_modules/iconv-lite Completed in 1ms
85 silly placeDep ROOT queue@6.0.2 OK for: image-size@1.0.2 want: 6.0.2
86 timing idealTree:node_modules/image-size Completed in 1ms
87 silly placeDep ROOT clone@2.1.2 OK for: node-cache@5.1.2 want: 2.x
88 timing idealTree:node_modules/node-cache Completed in 1ms
89 timing idealTree:node_modules/clone Completed in 0ms
90 timing idealTree:node_modules/queue Completed in 0ms
91 timing idealTree:node_modules/safer-buffer Completed in 0ms
92 silly placeDep ROOT color@4.2.3 OK for: sharp@0.31.3 want: ^4.2.3
93 silly placeDep ROOT detect-libc@2.0.1 OK for: sharp@0.31.3 want: ^2.0.1
94 silly placeDep ROOT node-addon-api@5.1.0 OK for: sharp@0.31.3 want: ^5.0.0
95 silly placeDep ROOT prebuild-install@7.1.1 OK for: sharp@0.31.3 want: ^7.1.1
96 silly placeDep ROOT simple-get@4.0.1 OK for: sharp@0.31.3 want: ^4.0.1
97 silly placeDep ROOT tar-fs@2.1.1 OK for: sharp@0.31.3 want: ^2.1.1
98 silly placeDep ROOT tunnel-agent@0.6.0 OK for: sharp@0.31.3 want: ^0.6.0
99 silly fetch manifest color-string@^1.9.0
100 silly fetch manifest expand-template@^2.0.3
101 silly fetch manifest github-from-package@0.0.0
102 silly fetch manifest mkdirp-classic@^0.5.3
103 silly fetch manifest napi-build-utils@^1.0.1
104 silly fetch manifest node-abi@^3.3.0
105 silly fetch manifest pump@^3.0.0
106 silly fetch manifest rc@^1.2.7
107 silly fetch manifest decompress-response@^6.0.0
108 silly fetch manifest simple-concat@^1.0.0
109 silly fetch manifest chownr@^1.1.1
110 silly fetch manifest mkdirp-classic@^0.5.2
111 silly fetch manifest tar-stream@^2.1.4
112 silly fetch manifest safe-buffer@^5.0.1
113 http fetch GET 200 https://registry.npmjs.org/mkdirp-classic 65ms (cache revalidated)
114 http fetch GET 200 https://registry.npmjs.org/safe-buffer 128ms (cache revalidated)
115 http fetch GET 200 https://registry.npmjs.org/mkdirp-classic 134ms (cache revalidated)
116 http fetch GET 200 https://registry.npmjs.org/tar-stream 135ms (cache revalidated)
117 http fetch GET 200 https://registry.npmjs.org/expand-template 677ms (cache revalidated)
118 http fetch GET 200 https://registry.npmjs.org/pump 676ms (cache revalidated)
119 http fetch GET 200 https://registry.npmjs.org/github-from-package 678ms (cache revalidated)
120 http fetch GET 200 https://registry.npmjs.org/node-abi 677ms (cache revalidated)
121 http fetch GET 200 https://registry.npmjs.org/napi-build-utils 678ms (cache revalidated)
122 http fetch GET 200 https://registry.npmjs.org/rc 677ms (cache revalidated)
123 http fetch GET 200 https://registry.npmjs.org/decompress-response 677ms (cache revalidated)
124 http fetch GET 200 https://registry.npmjs.org/color-string 681ms (cache revalidated)
125 http fetch GET 200 https://registry.npmjs.org/simple-concat 679ms (cache revalidated)
126 http fetch GET 200 https://registry.npmjs.org/chownr 736ms (cache revalidated)
127 timing idealTree:node_modules/sharp Completed in 746ms
128 silly placeDep ROOT color-string@1.9.1 OK for: color@4.2.3 want: ^1.9.0
129 silly fetch manifest simple-swizzle@^0.2.2
130 http fetch GET 200 https://registry.npmjs.org/simple-swizzle 652ms (cache revalidated)
131 timing idealTree:node_modules/color Completed in 656ms
132 silly placeDep ROOT simple-swizzle@0.2.2 OK for: color-string@1.9.1 want: ^0.2.2
133 silly fetch manifest is-arrayish@^0.3.1
134 http fetch GET 200 https://registry.npmjs.org/is-arrayish 686ms (cache revalidated)
135 timing idealTree:node_modules/color-string Completed in 688ms
136 timing idealTree:node_modules/detect-libc Completed in 0ms
137 timing idealTree:node_modules/node-addon-api Completed in 0ms
138 silly placeDep ROOT expand-template@2.0.3 OK for: prebuild-install@7.1.1 want: ^2.0.3
139 silly placeDep ROOT github-from-package@0.0.0 OK for: prebuild-install@7.1.1 want: 0.0.0
140 silly placeDep ROOT mkdirp-classic@0.5.3 OK for: prebuild-install@7.1.1 want: ^0.5.3
141 silly placeDep ROOT napi-build-utils@1.0.2 OK for: prebuild-install@7.1.1 want: ^1.0.1
142 silly placeDep ROOT node-abi@3.33.0 OK for: prebuild-install@7.1.1 want: ^3.3.0
143 silly placeDep ROOT pump@3.0.0 OK for: prebuild-install@7.1.1 want: ^3.0.0
144 silly placeDep ROOT rc@1.2.8 OK for: prebuild-install@7.1.1 want: ^1.2.7
145 silly fetch manifest end-of-stream@^1.1.0
146 silly fetch manifest deep-extend@^0.6.0
147 silly fetch manifest ini@~1.3.0
148 silly fetch manifest strip-json-comments@~2.0.1
149 http fetch GET 200 https://registry.npmjs.org/deep-extend 56ms (cache revalidated)
150 http fetch GET 200 https://registry.npmjs.org/ini 60ms (cache revalidated)
151 http fetch GET 200 https://registry.npmjs.org/end-of-stream 700ms (cache revalidated)
152 http fetch GET 200 https://registry.npmjs.org/strip-json-comments 699ms (cache revalidated)
153 timing idealTree:node_modules/prebuild-install Completed in 718ms
154 timing idealTree:node_modules/expand-template Completed in 0ms
155 timing idealTree:node_modules/github-from-package Completed in 0ms
156 timing idealTree:node_modules/mkdirp-classic Completed in 0ms
157 timing idealTree:node_modules/napi-build-utils Completed in 0ms
158 timing idealTree:node_modules/node-abi Completed in 0ms
159 silly placeDep ROOT end-of-stream@1.4.4 OK for: pump@3.0.0 want: ^1.1.0
160 timing idealTree:node_modules/pump Completed in 1ms
161 timing idealTree:node_modules/end-of-stream Completed in 0ms
162 silly placeDep ROOT deep-extend@0.6.0 OK for: rc@1.2.8 want: ^0.6.0
163 silly placeDep ROOT ini@1.3.8 OK for: rc@1.2.8 want: ~1.3.0
164 silly placeDep node_modules/rc strip-json-comments@2.0.1 OK for: rc@1.2.8 want: ~2.0.1
165 timing idealTree:node_modules/rc Completed in 2ms
166 timing idealTree:node_modules/deep-extend Completed in 0ms
167 timing idealTree:node_modules/ini Completed in 0ms
168 silly placeDep ROOT decompress-response@6.0.0 OK for: simple-get@4.0.1 want: ^6.0.0
169 silly placeDep ROOT simple-concat@1.0.1 OK for: simple-get@4.0.1 want: ^1.0.0
170 silly fetch manifest mimic-response@^3.1.0
171 http fetch GET 200 https://registry.npmjs.org/mimic-response 61ms (cache revalidated)
172 timing idealTree:node_modules/simple-get Completed in 64ms
173 silly placeDep ROOT mimic-response@3.1.0 OK for: decompress-response@6.0.0 want: ^3.1.0
174 timing idealTree:node_modules/decompress-response Completed in 1ms
175 timing idealTree:node_modules/mimic-response Completed in 0ms
176 timing idealTree:node_modules/simple-concat Completed in 0ms
177 silly placeDep ROOT is-arrayish@0.3.2 OK for: simple-swizzle@0.2.2 want: ^0.3.1
178 timing idealTree:node_modules/simple-swizzle Completed in 1ms
179 timing idealTree:node_modules/is-arrayish Completed in 0ms
180 silly placeDep ROOT chownr@1.1.4 OK for: tar-fs@2.1.1 want: ^1.1.1
181 silly placeDep ROOT tar-stream@2.2.0 OK for: tar-fs@2.1.1 want: ^2.1.4
182 silly fetch manifest bl@^4.0.3
183 silly fetch manifest fs-constants@^1.0.0
184 silly fetch manifest readable-stream@^3.1.1
185 http fetch GET 200 https://registry.npmjs.org/bl 84ms (cache revalidated)
186 http fetch GET 200 https://registry.npmjs.org/readable-stream 90ms (cache revalidated)
187 http fetch GET 200 https://registry.npmjs.org/fs-constants 746ms (cache revalidated)
188 timing idealTree:node_modules/tar-fs Completed in 748ms
189 timing idealTree:node_modules/chownr Completed in 0ms
190 silly placeDep ROOT bl@4.1.0 OK for: tar-stream@2.2.0 want: ^4.0.3
191 silly placeDep ROOT fs-constants@1.0.0 OK for: tar-stream@2.2.0 want: ^1.0.0
192 silly placeDep ROOT readable-stream@3.6.0 OK for: tar-stream@2.2.0 want: ^3.1.1
193 silly fetch manifest buffer@^5.5.0
194 silly fetch manifest string_decoder@^1.1.1
195 silly fetch manifest util-deprecate@^1.0.1
196 http fetch GET 200 https://registry.npmjs.org/util-deprecate 61ms (cache revalidated)
197 http fetch GET 200 https://registry.npmjs.org/buffer 711ms (cache revalidated)
198 http fetch GET 200 https://registry.npmjs.org/string_decoder 711ms (cache revalidated)
199 timing idealTree:node_modules/tar-stream Completed in 722ms
200 silly placeDep ROOT buffer@5.7.1 OK for: bl@4.1.0 want: ^5.5.0
201 silly fetch manifest base64-js@^1.3.1
202 silly fetch manifest ieee754@^1.1.13
203 http fetch GET 200 https://registry.npmjs.org/ieee754 55ms (cache revalidated)
204 http fetch GET 200 https://registry.npmjs.org/base64-js 56ms (cache revalidated)
205 timing idealTree:node_modules/bl Completed in 59ms
206 silly placeDep ROOT base64-js@1.5.1 OK for: buffer@5.7.1 want: ^1.3.1
207 silly placeDep ROOT ieee754@1.2.1 OK for: buffer@5.7.1 want: ^1.1.13
208 timing idealTree:node_modules/buffer Completed in 4ms
209 timing idealTree:node_modules/base64-js Completed in 0ms
210 timing idealTree:node_modules/fs-constants Completed in 0ms
211 timing idealTree:node_modules/ieee754 Completed in 0ms
212 silly placeDep ROOT string_decoder@1.3.0 OK for: readable-stream@3.6.0 want: ^1.1.1
213 silly placeDep ROOT util-deprecate@1.0.2 OK for: readable-stream@3.6.0 want: ^1.0.1
214 silly fetch manifest safe-buffer@~5.2.0
215 timing idealTree:node_modules/readable-stream Completed in 3ms
216 silly placeDep ROOT safe-buffer@5.2.1 OK for: string_decoder@1.3.0 want: ~5.2.0
217 timing idealTree:node_modules/string_decoder Completed in 1ms
218 timing idealTree:node_modules/safe-buffer Completed in 0ms
219 timing idealTree:node_modules/tunnel-agent Completed in 0ms
220 timing idealTree:node_modules/util-deprecate Completed in 0ms
221 timing idealTree:node_modules/rc/node_modules/strip-json-comments Completed in 0ms
222 timing idealTree:buildDeps Completed in 7535ms
223 timing idealTree:fixDepFlags Completed in 13ms
224 timing idealTree Completed in 7693ms
225 timing reify:loadTrees Completed in 7693ms
226 timing reify:diffTrees Completed in 6ms
227 silly reify moves {}
228 timing reify:retireShallow Completed in 0ms
229 timing reify:createSparse Completed in 3ms
230 timing reify:loadBundles Completed in 0ms
231 silly audit bulk request {
231 silly audit   '@babel/runtime': [ '7.20.13' ],
231 silly audit   '@eslint/eslintrc': [ '1.4.1' ],
231 silly audit   '@fortawesome/fontawesome-common-types': [ '6.3.0' ],
231 silly audit   '@fortawesome/fontawesome-svg-core': [ '6.3.0' ],
231 silly audit   '@fortawesome/free-brands-svg-icons': [ '6.3.0' ],
231 silly audit   '@fortawesome/free-regular-svg-icons': [ '6.3.0' ],
231 silly audit   '@fortawesome/free-solid-svg-icons': [ '6.3.0' ],
231 silly audit   '@fortawesome/react-fontawesome': [ '0.2.0' ],
231 silly audit   '@humanwhocodes/config-array': [ '0.11.8' ],
231 silly audit   '@humanwhocodes/module-importer': [ '1.0.1' ],
231 silly audit   '@humanwhocodes/object-schema': [ '1.2.1' ],
231 silly audit   '@next/env': [ '13.1.6' ],
231 silly audit   '@next/eslint-plugin-next': [ '13.1.6' ],
231 silly audit   '@next/font': [ '13.1.6' ],
231 silly audit   '@next/swc-android-arm-eabi': [ '13.1.6' ],
231 silly audit   '@next/swc-android-arm64': [ '13.1.6' ],
231 silly audit   '@next/swc-darwin-arm64': [ '13.1.6' ],
231 silly audit   '@next/swc-darwin-x64': [ '13.1.6' ],
231 silly audit   '@next/swc-freebsd-x64': [ '13.1.6' ],
231 silly audit   '@next/swc-linux-arm-gnueabihf': [ '13.1.6' ],
231 silly audit   '@next/swc-linux-arm64-gnu': [ '13.1.6' ],
231 silly audit   '@next/swc-linux-arm64-musl': [ '13.1.6' ],
231 silly audit   '@next/swc-linux-x64-gnu': [ '13.1.6' ],
231 silly audit   '@next/swc-linux-x64-musl': [ '13.1.6' ],
231 silly audit   '@next/swc-win32-arm64-msvc': [ '13.1.6' ],
231 silly audit   '@next/swc-win32-ia32-msvc': [ '13.1.6' ],
231 silly audit   '@next/swc-win32-x64-msvc': [ '13.1.6' ],
231 silly audit   '@nodelib/fs.scandir': [ '2.1.5' ],
231 silly audit   '@nodelib/fs.stat': [ '2.0.5' ],
231 silly audit   '@nodelib/fs.walk': [ '1.2.8' ],
231 silly audit   '@pkgr/utils': [ '2.3.1' ],
231 silly audit   '@rushstack/eslint-patch': [ '1.2.0' ],
231 silly audit   '@selderee/plugin-htmlparser2': [ '0.10.0' ],
231 silly audit   '@swc/helpers': [ '0.4.14' ],
231 silly audit   '@types/json5': [ '0.0.29' ],
231 silly audit   '@typescript-eslint/parser': [ '5.52.0' ],
231 silly audit   '@typescript-eslint/scope-manager': [ '5.52.0' ],
231 silly audit   '@typescript-eslint/types': [ '5.52.0' ],
231 silly audit   '@typescript-eslint/typescript-estree': [ '5.52.0' ],
231 silly audit   '@typescript-eslint/visitor-keys': [ '5.52.0' ],
231 silly audit   acorn: [ '8.8.2' ],
231 silly audit   'acorn-jsx': [ '5.3.2' ],
231 silly audit   ajv: [ '6.12.6' ],
231 silly audit   'ansi-regex': [ '5.0.1' ],
231 silly audit   'ansi-styles': [ '4.3.0' ],
231 silly audit   argparse: [ '2.0.1' ],
231 silly audit   'aria-query': [ '5.1.3' ],
231 silly audit   'array-includes': [ '3.1.6' ],
231 silly audit   'array-union': [ '2.1.0' ],
231 silly audit   'array.prototype.flat': [ '1.3.1' ],
231 silly audit   'array.prototype.flatmap': [ '1.3.1' ],
231 silly audit   'array.prototype.tosorted': [ '1.1.1' ],
231 silly audit   'ast-types-flow': [ '0.0.7' ],
231 silly audit   'available-typed-arrays': [ '1.0.5' ],
231 silly audit   'axe-core': [ '4.6.3' ],
231 silly audit   'axobject-query': [ '3.1.1' ],
231 silly audit   'balanced-match': [ '1.0.2' ],
231 silly audit   'brace-expansion': [ '1.1.11' ],
231 silly audit   braces: [ '3.0.2' ],
231 silly audit   'call-bind': [ '1.0.2' ],
231 silly audit   callsites: [ '3.1.0' ],
231 silly audit   'caniuse-lite': [ '1.0.30001456' ],
231 silly audit   chalk: [ '4.1.2' ],
231 silly audit   'client-only': [ '0.0.1' ],
231 silly audit   'color-convert': [ '2.0.1' ],
231 silly audit   'color-name': [ '1.1.4' ],
231 silly audit   'concat-map': [ '0.0.1' ],
231 silly audit   'cross-fetch': [ '3.1.5' ],
231 silly audit   'cross-spawn': [ '7.0.3' ],
231 silly audit   'damerau-levenshtein': [ '1.0.8' ],
231 silly audit   'date-fns': [ '2.29.3' ],
231 silly audit   debug: [ '4.3.4', '3.2.7' ],
231 silly audit   'deep-equal': [ '2.2.0' ],
231 silly audit   'deep-is': [ '0.1.4' ],
231 silly audit   deepmerge: [ '4.3.0' ],
231 silly audit   'define-lazy-prop': [ '2.0.0' ],
231 silly audit   'define-properties': [ '1.2.0' ],
231 silly audit   'dir-glob': [ '3.0.1' ],
231 silly audit   doctrine: [ '3.0.0', '2.1.0' ],
231 silly audit   'dom-serializer': [ '2.0.0' ],
231 silly audit   domelementtype: [ '2.3.0' ],
231 silly audit   domhandler: [ '5.0.3' ],
231 silly audit   domutils: [ '3.0.1' ],
231 silly audit   'emoji-regex': [ '9.2.2' ],
231 silly audit   'enhanced-resolve': [ '5.12.0' ],
231 silly audit   entities: [ '4.4.0' ],
231 silly audit   'es-abstract': [ '1.21.1' ],
231 silly audit   'es-get-iterator': [ '1.1.3' ],
231 silly audit   'es-set-tostringtag': [ '2.0.1' ],
231 silly audit   'es-shim-unscopables': [ '1.0.0' ],
231 silly audit   'es-to-primitive': [ '1.2.1' ],
231 silly audit   'escape-string-regexp': [ '4.0.0' ],
231 silly audit   eslint: [ '8.34.0' ],
231 silly audit   'eslint-config-next': [ '13.1.6' ],
231 silly audit   'eslint-import-resolver-node': [ '0.3.7' ],
231 silly audit   'eslint-import-resolver-typescript': [ '3.5.3' ],
231 silly audit   globby: [ '13.1.3', '11.1.0' ],
231 silly audit   slash: [ '4.0.0', '3.0.0' ],
231 silly audit   'eslint-module-utils': [ '2.7.4' ],
231 silly audit   'eslint-plugin-import': [ '2.27.5' ],
231 silly audit   semver: [ '6.3.0', '7.3.8' ],
231 silly audit   'eslint-plugin-jsx-a11y': [ '6.7.1' ],
231 silly audit   'eslint-plugin-react': [ '7.32.2' ],
231 silly audit   'eslint-plugin-react-hooks': [ '4.6.0' ],
231 silly audit   resolve: [ '2.0.0-next.4', '1.22.1' ],
231 silly audit   'eslint-scope': [ '7.1.1' ],
231 silly audit   'eslint-utils': [ '3.0.0' ],
231 silly audit   'eslint-visitor-keys': [ '2.1.0', '3.3.0' ],
231 silly audit   espree: [ '9.4.1' ],
231 silly audit   esquery: [ '1.4.2' ],
231 silly audit   esrecurse: [ '4.3.0' ],
231 silly audit   estraverse: [ '5.3.0' ],
231 silly audit   esutils: [ '2.0.3' ],
231 silly audit   'fast-deep-equal': [ '3.1.3' ],
231 silly audit   'fast-glob': [ '3.2.12' ],
231 silly audit   'glob-parent': [ '5.1.2', '6.0.2' ],
231 silly audit   'fast-json-stable-stringify': [ '2.1.0' ],
231 silly audit   'fast-levenshtein': [ '2.0.6' ],
231 silly audit   fastq: [ '1.15.0' ],
231 silly audit   'file-entry-cache': [ '6.0.1' ],
231 silly audit   'fill-range': [ '7.0.1' ],
231 silly audit   'find-up': [ '5.0.0' ],
231 silly audit   'flat-cache': [ '3.0.4' ],
231 silly audit   flatted: [ '3.2.7' ],
231 silly audit   'for-each': [ '0.3.3' ],
231 silly audit   'fs.realpath': [ '1.0.0' ],
231 silly audit   'function-bind': [ '1.1.1' ],
231 silly audit   'function.prototype.name': [ '1.1.5' ],
231 silly audit   'functions-have-names': [ '1.2.3' ],
231 silly audit   'get-intrinsic': [ '1.2.0' ],
231 silly audit   'get-symbol-description': [ '1.0.0' ],
231 silly audit   'get-tsconfig': [ '4.4.0' ],
231 silly audit   glob: [ '7.1.7' ],
231 silly audit   globals: [ '13.20.0' ],
231 silly audit   globalthis: [ '1.0.3' ],
231 silly audit   globalyzer: [ '0.1.0' ],
231 silly audit   globrex: [ '0.1.2' ],
231 silly audit   gopd: [ '1.0.1' ],
231 silly audit   'graceful-fs': [ '4.2.10' ],
231 silly audit   'grapheme-splitter': [ '1.0.4' ],
231 silly audit   has: [ '1.0.3' ],
231 silly audit   'has-bigints': [ '1.0.2' ],
231 silly audit   'has-flag': [ '4.0.0' ],
231 silly audit   'has-property-descriptors': [ '1.0.0' ],
231 silly audit   'has-proto': [ '1.0.1' ],
231 silly audit   'has-symbols': [ '1.0.3' ],
231 silly audit   'has-tostringtag': [ '1.0.0' ],
231 silly audit   'html-dom-parser': [ '3.1.3' ],
231 silly audit   'html-react-parser': [ '3.0.9' ],
231 silly audit   'html-to-text': [ '9.0.4' ],
231 silly audit   htmlparser2: [ '8.0.1' ],
231 silly audit   ignore: [ '5.2.4' ],
231 silly audit   'import-fresh': [ '3.3.0' ],
231 silly audit   imurmurhash: [ '0.1.4' ],
231 silly audit   inflight: [ '1.0.6' ],
231 silly audit   inherits: [ '2.0.4' ],
231 silly audit   'inline-style-parser': [ '0.1.1' ],
231 silly audit   'internal-slot': [ '1.0.5' ],
231 silly audit   'is-arguments': [ '1.1.1' ],
231 silly audit   'is-array-buffer': [ '3.0.1' ],
231 silly audit   'is-bigint': [ '1.0.4' ],
231 silly audit   'is-boolean-object': [ '1.1.2' ],
231 silly audit   'is-callable': [ '1.2.7' ],
231 silly audit   'is-core-module': [ '2.11.0' ],
231 silly audit   'is-date-object': [ '1.0.5' ],
231 silly audit   'is-docker': [ '2.2.1' ],
231 silly audit   'is-extglob': [ '2.1.1' ],
231 silly audit   'is-glob': [ '4.0.3' ],
231 silly audit   'is-map': [ '2.0.2' ],
231 silly audit   'is-negative-zero': [ '2.0.2' ],
231 silly audit   'is-number': [ '7.0.0' ],
231 silly audit   'is-number-object': [ '1.0.7' ],
231 silly audit   'is-path-inside': [ '3.0.3' ],
231 silly audit   'is-regex': [ '1.1.4' ],
231 silly audit   'is-set': [ '2.0.2' ],
231 silly audit   'is-shared-array-buffer': [ '1.0.2' ],
231 silly audit   'is-string': [ '1.0.7' ],
231 silly audit   'is-symbol': [ '1.0.4' ],
231 silly audit   'is-typed-array': [ '1.1.10' ],
231 silly audit   'is-weakmap': [ '2.0.1' ],
231 silly audit   'is-weakref': [ '1.0.2' ],
231 silly audit   'is-weakset': [ '2.0.2' ],
231 silly audit   'is-wsl': [ '2.2.0' ],
231 silly audit   isarray: [ '2.0.5' ],
231 silly audit   isexe: [ '2.0.0' ],
231 silly audit   'js-sdsl': [ '4.3.0' ],
231 silly audit   'js-tokens': [ '4.0.0' ],
231 silly audit   'js-yaml': [ '4.1.0' ],
231 silly audit   'json-schema-traverse': [ '0.4.1' ],
231 silly audit   'json-stable-stringify-without-jsonify': [ '1.0.1' ],
231 silly audit   json5: [ '1.0.2' ],
231 silly audit   'jsx-ast-utils': [ '3.3.3' ],
231 silly audit   'language-subtag-registry': [ '0.3.22' ],
231 silly audit   'language-tags': [ '1.0.5' ],
231 silly audit   leac: [ '0.6.0' ],
231 silly audit   levn: [ '0.4.1' ],
231 silly audit   'locate-path': [ '6.0.0' ],
231 silly audit   'lodash.merge': [ '4.6.2' ],
231 silly audit   'loose-envify': [ '1.4.0' ],
231 silly audit   'lru-cache': [ '6.0.0' ],
231 silly audit   merge2: [ '1.4.1' ],
231 silly audit   'microcms-js-sdk': [ '2.3.2' ],
231 silly audit   micromatch: [ '4.0.5' ],
231 silly audit   minimatch: [ '3.1.2' ],
231 silly audit   minimist: [ '1.2.8' ],
231 silly audit   ms: [ '2.1.2' ],
231 silly audit   nanoid: [ '3.3.4' ],
231 silly audit   'natural-compare': [ '1.4.0' ],
231 silly audit   next: [ '13.1.6' ],
231 silly audit   'node-fetch': [ '2.6.7' ],
231 silly audit   'object-assign': [ '4.1.1' ],
231 silly audit   'object-inspect': [ '1.12.3' ],
231 silly audit   'object-is': [ '1.1.5' ],
231 silly audit   'object-keys': [ '1.1.1' ],
231 silly audit   'object.assign': [ '4.1.4' ],
231 silly audit   'object.entries': [ '1.1.6' ],
231 silly audit   'object.fromentries': [ '2.0.6' ],
231 silly audit   'object.hasown': [ '1.1.2' ],
231 silly audit   'object.values': [ '1.1.6' ],
231 silly audit   once: [ '1.4.0' ],
231 silly audit   open: [ '8.4.1' ],
231 silly audit   optionator: [ '0.9.1' ],
231 silly audit   'p-limit': [ '3.1.0' ],
231 silly audit   'p-locate': [ '5.0.0' ],
231 silly audit   'parent-module': [ '1.0.1' ],
231 silly audit   parseley: [ '0.11.0' ],
231 silly audit   'path-exists': [ '4.0.0' ],
231 silly audit   'path-is-absolute': [ '1.0.1' ],
231 silly audit   'path-key': [ '3.1.1' ],
231 silly audit   'path-parse': [ '1.0.7' ],
231 silly audit   'path-type': [ '4.0.0' ],
231 silly audit   peberminta: [ '0.8.0' ],
231 silly audit   picocolors: [ '1.0.0' ],
231 silly audit   picomatch: [ '2.3.1' ],
231 silly audit   postcss: [ '8.4.14' ],
231 silly audit   'prelude-ls': [ '1.2.1' ],
231 silly audit   'prop-types': [ '15.8.1' ],
231 silly audit   punycode: [ '2.3.0' ],
231 silly audit   qs: [ '6.11.0' ],
231 silly audit   'queue-microtask': [ '1.2.3' ],
231 silly audit   react: [ '18.2.0' ],
231 silly audit   'react-dom': [ '18.2.0' ],
231 silly audit   'react-is': [ '16.13.1' ],
231 silly audit   'react-property': [ '2.0.0' ],
231 silly audit   'regenerator-runtime': [ '0.13.11' ],
231 silly audit   'regexp.prototype.flags': [ '1.4.3' ],
231 silly audit   regexpp: [ '3.2.0' ],
231 silly audit   'resolve-from': [ '4.0.0' ],
231 silly audit   reusify: [ '1.0.4' ],
231 silly audit   rimraf: [ '3.0.2' ],
231 silly audit   'run-parallel': [ '1.2.0' ],
231 silly audit   'safe-regex-test': [ '1.0.0' ],
231 silly audit   scheduler: [ '0.23.0' ],
231 silly audit   selderee: [ '0.10.0' ],
231 silly audit   'shebang-command': [ '2.0.0' ],
231 silly audit   'shebang-regex': [ '3.0.0' ],
231 silly audit   'side-channel': [ '1.0.4' ],
231 silly audit   'source-map-js': [ '1.0.2' ],
231 silly audit   'stop-iteration-iterator': [ '1.0.0' ],
231 silly audit   'string.prototype.matchall': [ '4.0.8' ],
231 silly audit   'string.prototype.trimend': [ '1.0.6' ],
231 silly audit   'string.prototype.trimstart': [ '1.0.6' ],
231 silly audit   'strip-ansi': [ '6.0.1' ],
231 silly audit   'strip-bom': [ '3.0.0' ],
231 silly audit   'strip-json-comments': [ '3.1.1', '2.0.1' ],
231 silly audit   'style-to-js': [ '1.1.3' ],
231 silly audit   'style-to-object': [ '0.4.1' ],
231 silly audit   'styled-jsx': [ '5.1.1' ],
231 silly audit   'supports-color': [ '7.2.0' ],
231 silly audit   'supports-preserve-symlinks-flag': [ '1.0.0' ],
231 silly audit   synckit: [ '0.8.5' ],
231 silly audit   tapable: [ '2.2.1' ],
231 silly audit   'text-table': [ '0.2.0' ],
231 silly audit   'tiny-glob': [ '0.2.9' ],
231 silly audit   'to-regex-range': [ '5.0.1' ],
231 silly audit   tr46: [ '0.0.3' ],
231 silly audit   'tsconfig-paths': [ '3.14.1' ],
231 silly audit   tslib: [ '2.5.0', '1.14.1' ],
231 silly audit   tsutils: [ '3.21.0' ],
231 silly audit   'type-check': [ '0.4.0' ],
231 silly audit   'type-fest': [ '0.20.2' ],
231 silly audit   'typed-array-length': [ '1.0.4' ],
231 silly audit   typescript: [ '4.9.5' ],
231 silly audit   'unbox-primitive': [ '1.0.2' ],
231 silly audit   'uri-js': [ '4.4.1' ],
231 silly audit   'webidl-conversions': [ '3.0.1' ],
231 silly audit   'whatwg-url': [ '5.0.0' ],
231 silly audit   which: [ '2.0.2' ],
231 silly audit   'which-boxed-primitive': [ '1.0.2' ],
231 silly audit   'which-collection': [ '1.0.1' ],
231 silly audit   'which-typed-array': [ '1.1.9' ],
231 silly audit   'word-wrap': [ '1.2.3' ],
231 silly audit   wrappy: [ '1.0.2' ],
231 silly audit   yallist: [ '4.0.0' ],
231 silly audit   'yocto-queue': [ '0.1.0' ],
231 silly audit   plaiceholder: [ '2.5.0' ],
231 silly audit   sharp: [ '0.31.3' ],
231 silly audit   blurhash: [ '1.1.5' ],
231 silly audit   encoding: [ '0.1.13' ],
231 silly audit   'image-size': [ '1.0.2' ],
231 silly audit   'node-cache': [ '5.1.2' ],
231 silly audit   'iconv-lite': [ '0.6.3' ],
231 silly audit   'safer-buffer': [ '2.1.2' ],
231 silly audit   queue: [ '6.0.2' ],
231 silly audit   clone: [ '2.1.2' ],
231 silly audit   color: [ '4.2.3' ],
231 silly audit   'detect-libc': [ '2.0.1' ],
231 silly audit   'node-addon-api': [ '5.1.0' ],
231 silly audit   'prebuild-install': [ '7.1.1' ],
231 silly audit   'simple-get': [ '4.0.1' ],
231 silly audit   'tar-fs': [ '2.1.1' ],
231 silly audit   'tunnel-agent': [ '0.6.0' ],
231 silly audit   'color-string': [ '1.9.1' ],
231 silly audit   'simple-swizzle': [ '0.2.2' ],
231 silly audit   'expand-template': [ '2.0.3' ],
231 silly audit   'github-from-package': [ '0.0.0' ],
231 silly audit   'mkdirp-classic': [ '0.5.3' ],
231 silly audit   'napi-build-utils': [ '1.0.2' ],
231 silly audit   'node-abi': [ '3.33.0' ],
231 silly audit   pump: [ '3.0.0' ],
231 silly audit   rc: [ '1.2.8' ],
231 silly audit   'end-of-stream': [ '1.4.4' ],
231 silly audit   'deep-extend': [ '0.6.0' ],
231 silly audit   ini: [ '1.3.8' ],
231 silly audit   'decompress-response': [ '6.0.0' ],
231 silly audit   'simple-concat': [ '1.0.1' ],
231 silly audit   'mimic-response': [ '3.1.0' ],
231 silly audit   'is-arrayish': [ '0.3.2' ],
231 silly audit   chownr: [ '1.1.4' ],
231 silly audit   'tar-stream': [ '2.2.0' ],
231 silly audit   bl: [ '4.1.0' ],
231 silly audit   'fs-constants': [ '1.0.0' ],
231 silly audit   'readable-stream': [ '3.6.0' ],
231 silly audit   buffer: [ '5.7.1' ],
231 silly audit   'base64-js': [ '1.5.1' ],
231 silly audit   ieee754: [ '1.2.1' ],
231 silly audit   string_decoder: [ '1.3.0' ],
231 silly audit   'util-deprecate': [ '1.0.2' ],
231 silly audit   'safe-buffer': [ '5.2.1' ]
231 silly audit }
232 verbose reify failed optional dependency /home/vagrant/Project/my-fast-viran/node_modules/@next/swc-win32-x64-msvc
233 silly reify mark deleted [
233 silly reify   '/home/vagrant/Project/my-fast-viran/node_modules/@next/swc-win32-x64-msvc'
233 silly reify ]
234 verbose reify failed optional dependency /home/vagrant/Project/my-fast-viran/node_modules/@next/swc-win32-ia32-msvc
235 silly reify mark deleted [
235 silly reify   '/home/vagrant/Project/my-fast-viran/node_modules/@next/swc-win32-ia32-msvc'
235 silly reify ]
236 verbose reify failed optional dependency /home/vagrant/Project/my-fast-viran/node_modules/@next/swc-win32-arm64-msvc
237 silly reify mark deleted [
237 silly reify   '/home/vagrant/Project/my-fast-viran/node_modules/@next/swc-win32-arm64-msvc'
237 silly reify ]
238 verbose reify failed optional dependency /home/vagrant/Project/my-fast-viran/node_modules/@next/swc-linux-arm64-musl
239 silly reify mark deleted [
239 silly reify   '/home/vagrant/Project/my-fast-viran/node_modules/@next/swc-linux-arm64-musl'
239 silly reify ]
240 verbose reify failed optional dependency /home/vagrant/Project/my-fast-viran/node_modules/@next/swc-linux-arm64-gnu
241 silly reify mark deleted [
241 silly reify   '/home/vagrant/Project/my-fast-viran/node_modules/@next/swc-linux-arm64-gnu'
241 silly reify ]
242 verbose reify failed optional dependency /home/vagrant/Project/my-fast-viran/node_modules/@next/swc-linux-arm-gnueabihf
243 silly reify mark deleted [
243 silly reify   '/home/vagrant/Project/my-fast-viran/node_modules/@next/swc-linux-arm-gnueabihf'
243 silly reify ]
244 verbose reify failed optional dependency /home/vagrant/Project/my-fast-viran/node_modules/@next/swc-freebsd-x64
245 silly reify mark deleted [
245 silly reify   '/home/vagrant/Project/my-fast-viran/node_modules/@next/swc-freebsd-x64'
245 silly reify ]
246 verbose reify failed optional dependency /home/vagrant/Project/my-fast-viran/node_modules/@next/swc-darwin-x64
247 silly reify mark deleted [
247 silly reify   '/home/vagrant/Project/my-fast-viran/node_modules/@next/swc-darwin-x64'
247 silly reify ]
248 verbose reify failed optional dependency /home/vagrant/Project/my-fast-viran/node_modules/@next/swc-darwin-arm64
249 silly reify mark deleted [
249 silly reify   '/home/vagrant/Project/my-fast-viran/node_modules/@next/swc-darwin-arm64'
249 silly reify ]
250 verbose reify failed optional dependency /home/vagrant/Project/my-fast-viran/node_modules/@next/swc-android-arm64
251 silly reify mark deleted [
251 silly reify   '/home/vagrant/Project/my-fast-viran/node_modules/@next/swc-android-arm64'
251 silly reify ]
252 verbose reify failed optional dependency /home/vagrant/Project/my-fast-viran/node_modules/@next/swc-android-arm-eabi
253 silly reify mark deleted [
253 silly reify   '/home/vagrant/Project/my-fast-viran/node_modules/@next/swc-android-arm-eabi'
253 silly reify ]
254 timing reifyNode:node_modules/@next/swc-win32-x64-msvc Completed in 13ms
255 timing reifyNode:node_modules/@next/swc-win32-ia32-msvc Completed in 13ms
256 timing reifyNode:node_modules/@next/swc-win32-arm64-msvc Completed in 13ms
257 timing reifyNode:node_modules/@next/swc-linux-arm64-musl Completed in 11ms
258 timing reifyNode:node_modules/@next/swc-linux-arm64-gnu Completed in 11ms
259 timing reifyNode:node_modules/@next/swc-linux-arm-gnueabihf Completed in 11ms
260 timing reifyNode:node_modules/@next/swc-freebsd-x64 Completed in 11ms
261 timing reifyNode:node_modules/@next/swc-darwin-x64 Completed in 11ms
262 timing reifyNode:node_modules/@next/swc-darwin-arm64 Completed in 11ms
263 timing reifyNode:node_modules/@next/swc-android-arm64 Completed in 11ms
264 timing reifyNode:node_modules/@next/swc-android-arm-eabi Completed in 11ms
265 timing reifyNode:node_modules/chownr Completed in 131ms
266 timing reifyNode:node_modules/ini Completed in 131ms
267 timing reifyNode:node_modules/end-of-stream Completed in 131ms
268 timing reifyNode:node_modules/mkdirp-classic Completed in 131ms
269 timing reifyNode:node_modules/simple-swizzle Completed in 132ms
270 timing reifyNode:node_modules/color-string Completed in 132ms
271 timing reifyNode:node_modules/rc/node_modules/strip-json-comments Completed in 133ms
272 timing reifyNode:node_modules/ieee754 Completed in 134ms
273 timing reifyNode:node_modules/fs-constants Completed in 134ms
274 timing reifyNode:node_modules/mimic-response Completed in 134ms
275 timing reifyNode:node_modules/decompress-response Completed in 134ms
276 timing reifyNode:node_modules/tunnel-agent Completed in 134ms
277 timing reifyNode:node_modules/color Completed in 133ms
278 timing reifyNode:node_modules/queue Completed in 133ms
279 timing reifyNode:node_modules/util-deprecate Completed in 137ms
280 timing reifyNode:node_modules/string_decoder Completed in 136ms
281 timing reifyNode:node_modules/base64-js Completed in 136ms
282 timing reifyNode:node_modules/expand-template Completed in 135ms
283 timing reifyNode:node_modules/simple-concat Completed in 136ms
284 timing reifyNode:node_modules/deep-extend Completed in 136ms
285 timing reifyNode:node_modules/pump Completed in 136ms
286 timing reifyNode:node_modules/napi-build-utils Completed in 136ms
287 timing reifyNode:node_modules/safe-buffer Completed in 139ms
288 timing reifyNode:node_modules/is-arrayish Completed in 139ms
289 timing reifyNode:node_modules/clone Completed in 137ms
290 timing reifyNode:node_modules/detect-libc Completed in 138ms
291 timing reifyNode:node_modules/encoding Completed in 138ms
292 timing reifyNode:node_modules/safer-buffer Completed in 139ms
293 timing reifyNode:node_modules/tar-stream Completed in 141ms
294 timing reifyNode:node_modules/simple-get Completed in 141ms
295 timing reifyNode:node_modules/buffer Completed in 143ms
296 timing reifyNode:node_modules/github-from-package Completed in 143ms
297 timing reifyNode:node_modules/rc Completed in 144ms
298 timing reifyNode:node_modules/bl Completed in 146ms
299 timing reifyNode:node_modules/prebuild-install Completed in 146ms
300 timing reifyNode:node_modules/node-cache Completed in 145ms
301 timing reifyNode:node_modules/node-abi Completed in 148ms
302 timing reifyNode:node_modules/readable-stream Completed in 159ms
303 timing reifyNode:node_modules/node-addon-api Completed in 162ms
304 timing reifyNode:node_modules/tar-fs Completed in 163ms
305 timing reifyNode:node_modules/blurhash Completed in 163ms
306 timing reifyNode:node_modules/image-size Completed in 165ms
307 timing reifyNode:node_modules/iconv-lite Completed in 167ms
308 timing reifyNode:node_modules/sharp Completed in 169ms
309 timing reifyNode:node_modules/plaiceholder Completed in 172ms
310 timing reify:unpack Completed in 175ms
311 timing reify:unretire Completed in 0ms
312 timing build:queue Completed in 2ms
313 timing build:link:node_modules/image-size Completed in 1ms
314 timing build:link:node_modules/rc Completed in 0ms
315 timing build:link:node_modules/prebuild-install Completed in 2ms
316 timing build:link Completed in 2ms
317 info run sharp@0.31.3 install node_modules/sharp (node install/libvips && node install/dll-copy && prebuild-install) || (node install/can-compile && node-gyp rebuild && node install/dll-copy)
318 http fetch POST 200 https://registry.npmjs.org/-/npm/v1/security/advisories/bulk 303ms
319 timing auditReport:getReport Completed in 306ms
320 silly audit report {}
321 timing auditReport:init Completed in 0ms
322 timing reify:audit Completed in 307ms
323 info run sharp@0.31.3 install { code: 0, signal: null }
324 timing build:run:install:node_modules/sharp Completed in 515ms
325 timing build:run:install Completed in 516ms
326 timing build:deps Completed in 520ms
327 timing build Completed in 520ms
328 timing reify:build Completed in 521ms
329 timing reify:trash Completed in 0ms
330 timing reify:save Completed in 44ms
331 timing reify Completed in 8471ms
332 silly ADD node_modules/safe-buffer
333 silly ADD node_modules/util-deprecate
334 silly ADD node_modules/string_decoder
335 silly ADD node_modules/ieee754
336 silly ADD node_modules/base64-js
337 silly ADD node_modules/buffer
338 silly ADD node_modules/readable-stream
339 silly ADD node_modules/fs-constants
340 silly ADD node_modules/bl
341 silly ADD node_modules/tar-stream
342 silly ADD node_modules/chownr
343 silly ADD node_modules/is-arrayish
344 silly ADD node_modules/mimic-response
345 silly ADD node_modules/simple-concat
346 silly ADD node_modules/decompress-response
347 silly ADD node_modules/ini
348 silly ADD node_modules/deep-extend
349 silly ADD node_modules/end-of-stream
350 silly ADD node_modules/rc
351 silly ADD node_modules/rc/node_modules/strip-json-comments
352 silly ADD node_modules/pump
353 silly ADD node_modules/node-abi
354 silly ADD node_modules/napi-build-utils
355 silly ADD node_modules/mkdirp-classic
356 silly ADD node_modules/github-from-package
357 silly ADD node_modules/expand-template
358 silly ADD node_modules/simple-swizzle
359 silly ADD node_modules/color-string
360 silly ADD node_modules/tunnel-agent
361 silly ADD node_modules/tar-fs
362 silly ADD node_modules/simple-get
363 silly ADD node_modules/prebuild-install
364 silly ADD node_modules/node-addon-api
365 silly ADD node_modules/detect-libc
366 silly ADD node_modules/color
367 silly ADD node_modules/clone
368 silly ADD node_modules/queue
369 silly ADD node_modules/safer-buffer
370 silly ADD node_modules/iconv-lite
371 silly ADD node_modules/node-cache
372 silly ADD node_modules/image-size
373 silly ADD node_modules/encoding
374 silly ADD node_modules/blurhash
375 silly ADD node_modules/sharp
376 silly ADD node_modules/plaiceholder
377 silly ADD
378 silly ADD
379 silly ADD
380 silly ADD
381 silly ADD
382 silly ADD
383 silly ADD
384 silly ADD
385 silly ADD
386 silly ADD
387 silly ADD
388 timing command:install Completed in 8478ms
389 verbose exit 0
390 timing npm Completed in 8497ms
391 info ok
