0 verbose cli /home/vagrant/.nvm/versions/node/v19.2.0/bin/node /home/vagrant/.nvm/versions/node/v19.2.0/bin/npm
1 info using npm@9.5.0
2 info using node@v19.2.0
3 timing npm:load:whichnode Completed in 1ms
4 timing config:load:defaults Completed in 1ms
5 timing config:load:file:/home/vagrant/.nvm/versions/node/v19.2.0/lib/node_modules/npm/npmrc Completed in 0ms
6 timing config:load:builtin Completed in 0ms
7 timing config:load:cli Completed in 1ms
8 timing config:load:env Completed in 0ms
9 timing config:load:file:/home/vagrant/Project/my-fast-viran/.npmrc Completed in 0ms
10 timing config:load:project Completed in 4ms
11 timing config:load:file:/home/vagrant/.npmrc Completed in 0ms
12 timing config:load:user Completed in 0ms
13 timing config:load:file:/home/vagrant/.nvm/versions/node/v19.2.0/etc/npmrc Completed in 0ms
14 timing config:load:global Completed in 0ms
15 timing config:load:setEnvs Completed in 0ms
16 timing config:load Completed in 7ms
17 timing npm:load:configload Completed in 7ms
18 timing npm:load:mkdirpcache Completed in 0ms
19 timing npm:load:mkdirplogs Completed in 0ms
20 verbose title npm install html-react-parser
21 verbose argv "install" "html-react-parser"
22 timing npm:load:setTitle Completed in 1ms
23 timing config:load:flatten Completed in 1ms
24 timing npm:load:display Completed in 2ms
25 verbose logfile logs-max:10 dir:/home/vagrant/.npm/_logs/2023-02-19T14_00_36_907Z-
26 verbose logfile /home/vagrant/.npm/_logs/2023-02-19T14_00_36_907Z-debug-0.log
27 timing npm:load:logFile Completed in 2ms
28 timing npm:load:timers Completed in 0ms
29 timing npm:load:configScope Completed in 0ms
30 timing npm:load Completed in 13ms
31 timing arborist:ctor Completed in 0ms
32 silly logfile start cleaning logs, removing 1 files
33 silly logfile done cleaning log files
34 timing idealTree:init Completed in 131ms
35 timing idealTree:userRequests Completed in 2ms
36 silly idealTree buildDeps
37 silly fetch manifest html-react-parser@*
38 timing arborist:ctor Completed in 0ms
39 http fetch GET 200 https://registry.npmjs.org/html-react-parser 1024ms (cache revalidated)
40 silly fetch manifest react@18.2.0
41 http fetch GET 200 https://registry.npmjs.org/react 6ms (cache hit)
42 silly placeDep ROOT html-react-parser@3.0.9 OK for: my-fast-viran@0.1.0 want: *
43 silly fetch manifest domhandler@5.0.3
44 silly fetch manifest html-dom-parser@3.1.3
45 silly fetch manifest react-property@2.0.0
46 silly fetch manifest style-to-js@1.1.3
47 http fetch GET 200 https://registry.npmjs.org/domhandler 659ms (cache revalidated)
48 http fetch GET 200 https://registry.npmjs.org/html-dom-parser 731ms (cache revalidated)
49 http fetch GET 200 https://registry.npmjs.org/style-to-js 735ms (cache revalidated)
50 http fetch GET 200 https://registry.npmjs.org/react-property 736ms (cache revalidated)
51 timing idealTree:#root Completed in 1781ms
52 silly placeDep ROOT domhandler@5.0.3 OK for: html-react-parser@3.0.9 want: 5.0.3
53 silly placeDep ROOT html-dom-parser@3.1.3 OK for: html-react-parser@3.0.9 want: 3.1.3
54 silly placeDep ROOT react-property@2.0.0 OK for: html-react-parser@3.0.9 want: 2.0.0
55 silly placeDep ROOT style-to-js@1.1.3 OK for: html-react-parser@3.0.9 want: 1.1.3
56 silly fetch manifest domelementtype@^2.3.0
57 silly fetch manifest htmlparser2@8.0.1
58 silly fetch manifest style-to-object@0.4.1
59 http fetch GET 200 https://registry.npmjs.org/htmlparser2 74ms (cache revalidated)
60 http fetch GET 200 https://registry.npmjs.org/domelementtype 736ms (cache revalidated)
61 http fetch GET 200 https://registry.npmjs.org/style-to-object 737ms (cache revalidated)
62 timing idealTree:node_modules/html-react-parser Completed in 744ms
63 silly placeDep ROOT domelementtype@2.3.0 OK for: domhandler@5.0.3 want: ^2.3.0
64 timing idealTree:node_modules/domhandler Completed in 3ms
65 timing idealTree:node_modules/domelementtype Completed in 0ms
66 silly placeDep ROOT htmlparser2@8.0.1 OK for: html-dom-parser@3.1.3 want: 8.0.1
67 silly fetch manifest domutils@^3.0.1
68 silly fetch manifest entities@^4.3.0
69 http fetch GET 200 https://registry.npmjs.org/entities 87ms (cache revalidated)
70 http fetch GET 200 https://registry.npmjs.org/domutils 761ms (cache revalidated)
71 timing idealTree:node_modules/html-dom-parser Completed in 770ms
72 silly placeDep ROOT domutils@3.0.1 OK for: htmlparser2@8.0.1 want: ^3.0.1
73 silly placeDep ROOT entities@4.4.0 OK for: htmlparser2@8.0.1 want: ^4.3.0
74 silly fetch manifest dom-serializer@^2.0.0
75 http fetch GET 200 https://registry.npmjs.org/dom-serializer 766ms (cache revalidated)
76 timing idealTree:node_modules/htmlparser2 Completed in 769ms
77 silly placeDep ROOT dom-serializer@2.0.0 OK for: domutils@3.0.1 want: ^2.0.0
78 timing idealTree:node_modules/domutils Completed in 3ms
79 timing idealTree:node_modules/dom-serializer Completed in 0ms
80 timing idealTree:node_modules/entities Completed in 0ms
81 timing idealTree:node_modules/react-property Completed in 0ms
82 silly placeDep ROOT style-to-object@0.4.1 OK for: style-to-js@1.1.3 want: 0.4.1
83 silly fetch manifest inline-style-parser@0.1.1
84 http fetch GET 200 https://registry.npmjs.org/inline-style-parser 695ms (cache revalidated)
85 timing idealTree:node_modules/style-to-js Completed in 700ms
86 silly placeDep ROOT inline-style-parser@0.1.1 OK for: style-to-object@0.4.1 want: 0.1.1
87 timing idealTree:node_modules/style-to-object Completed in 4ms
88 timing idealTree:node_modules/inline-style-parser Completed in 0ms
89 timing idealTree:buildDeps Completed in 4776ms
90 timing idealTree:fixDepFlags Completed in 11ms
91 timing idealTree Completed in 4924ms
92 timing reify:loadTrees Completed in 4924ms
93 timing reify:diffTrees Completed in 5ms
94 silly reify moves {}
95 timing reify:retireShallow Completed in 1ms
96 timing reify:createSparse Completed in 7ms
97 timing reify:loadBundles Completed in 0ms
98 silly audit bulk request {
98 silly audit   '@babel/runtime': [ '7.20.13' ],
98 silly audit   '@eslint/eslintrc': [ '1.4.1' ],
98 silly audit   '@fortawesome/fontawesome-common-types': [ '6.3.0' ],
98 silly audit   '@fortawesome/fontawesome-svg-core': [ '6.3.0' ],
98 silly audit   '@fortawesome/free-brands-svg-icons': [ '6.3.0' ],
98 silly audit   '@fortawesome/free-regular-svg-icons': [ '6.3.0' ],
98 silly audit   '@fortawesome/free-solid-svg-icons': [ '6.3.0' ],
98 silly audit   '@fortawesome/react-fontawesome': [ '0.2.0' ],
98 silly audit   '@humanwhocodes/config-array': [ '0.11.8' ],
98 silly audit   '@humanwhocodes/module-importer': [ '1.0.1' ],
98 silly audit   '@humanwhocodes/object-schema': [ '1.2.1' ],
98 silly audit   '@next/env': [ '13.1.6' ],
98 silly audit   '@next/eslint-plugin-next': [ '13.1.6' ],
98 silly audit   '@next/font': [ '13.1.6' ],
98 silly audit   '@next/swc-android-arm-eabi': [ '13.1.6' ],
98 silly audit   '@next/swc-android-arm64': [ '13.1.6' ],
98 silly audit   '@next/swc-darwin-arm64': [ '13.1.6' ],
98 silly audit   '@next/swc-darwin-x64': [ '13.1.6' ],
98 silly audit   '@next/swc-freebsd-x64': [ '13.1.6' ],
98 silly audit   '@next/swc-linux-arm-gnueabihf': [ '13.1.6' ],
98 silly audit   '@next/swc-linux-arm64-gnu': [ '13.1.6' ],
98 silly audit   '@next/swc-linux-arm64-musl': [ '13.1.6' ],
98 silly audit   '@next/swc-linux-x64-gnu': [ '13.1.6' ],
98 silly audit   '@next/swc-linux-x64-musl': [ '13.1.6' ],
98 silly audit   '@next/swc-win32-arm64-msvc': [ '13.1.6' ],
98 silly audit   '@next/swc-win32-ia32-msvc': [ '13.1.6' ],
98 silly audit   '@next/swc-win32-x64-msvc': [ '13.1.6' ],
98 silly audit   '@nodelib/fs.scandir': [ '2.1.5' ],
98 silly audit   '@nodelib/fs.stat': [ '2.0.5' ],
98 silly audit   '@nodelib/fs.walk': [ '1.2.8' ],
98 silly audit   '@pkgr/utils': [ '2.3.1' ],
98 silly audit   '@rushstack/eslint-patch': [ '1.2.0' ],
98 silly audit   '@swc/helpers': [ '0.4.14' ],
98 silly audit   '@types/json5': [ '0.0.29' ],
98 silly audit   '@typescript-eslint/parser': [ '5.52.0' ],
98 silly audit   '@typescript-eslint/scope-manager': [ '5.52.0' ],
98 silly audit   '@typescript-eslint/types': [ '5.52.0' ],
98 silly audit   '@typescript-eslint/typescript-estree': [ '5.52.0' ],
98 silly audit   '@typescript-eslint/visitor-keys': [ '5.52.0' ],
98 silly audit   acorn: [ '8.8.2' ],
98 silly audit   'acorn-jsx': [ '5.3.2' ],
98 silly audit   ajv: [ '6.12.6' ],
98 silly audit   'ansi-regex': [ '5.0.1' ],
98 silly audit   'ansi-styles': [ '4.3.0' ],
98 silly audit   argparse: [ '2.0.1' ],
98 silly audit   'aria-query': [ '5.1.3' ],
98 silly audit   'array-includes': [ '3.1.6' ],
98 silly audit   'array-union': [ '2.1.0' ],
98 silly audit   'array.prototype.flat': [ '1.3.1' ],
98 silly audit   'array.prototype.flatmap': [ '1.3.1' ],
98 silly audit   'array.prototype.tosorted': [ '1.1.1' ],
98 silly audit   'ast-types-flow': [ '0.0.7' ],
98 silly audit   'available-typed-arrays': [ '1.0.5' ],
98 silly audit   'axe-core': [ '4.6.3' ],
98 silly audit   'axobject-query': [ '3.1.1' ],
98 silly audit   'balanced-match': [ '1.0.2' ],
98 silly audit   'brace-expansion': [ '1.1.11' ],
98 silly audit   braces: [ '3.0.2' ],
98 silly audit   'call-bind': [ '1.0.2' ],
98 silly audit   callsites: [ '3.1.0' ],
98 silly audit   'caniuse-lite': [ '1.0.30001456' ],
98 silly audit   chalk: [ '4.1.2' ],
98 silly audit   'client-only': [ '0.0.1' ],
98 silly audit   'color-convert': [ '2.0.1' ],
98 silly audit   'color-name': [ '1.1.4' ],
98 silly audit   'concat-map': [ '0.0.1' ],
98 silly audit   'cross-fetch': [ '3.1.5' ],
98 silly audit   'cross-spawn': [ '7.0.3' ],
98 silly audit   'damerau-levenshtein': [ '1.0.8' ],
98 silly audit   'date-fns': [ '2.29.3' ],
98 silly audit   debug: [ '4.3.4', '3.2.7' ],
98 silly audit   'deep-equal': [ '2.2.0' ],
98 silly audit   'deep-is': [ '0.1.4' ],
98 silly audit   'define-lazy-prop': [ '2.0.0' ],
98 silly audit   'define-properties': [ '1.2.0' ],
98 silly audit   'dir-glob': [ '3.0.1' ],
98 silly audit   doctrine: [ '3.0.0', '2.1.0' ],
98 silly audit   'emoji-regex': [ '9.2.2' ],
98 silly audit   'enhanced-resolve': [ '5.12.0' ],
98 silly audit   'es-abstract': [ '1.21.1' ],
98 silly audit   'es-get-iterator': [ '1.1.3' ],
98 silly audit   'es-set-tostringtag': [ '2.0.1' ],
98 silly audit   'es-shim-unscopables': [ '1.0.0' ],
98 silly audit   'es-to-primitive': [ '1.2.1' ],
98 silly audit   'escape-string-regexp': [ '4.0.0' ],
98 silly audit   eslint: [ '8.34.0' ],
98 silly audit   'eslint-config-next': [ '13.1.6' ],
98 silly audit   'eslint-import-resolver-node': [ '0.3.7' ],
98 silly audit   'eslint-import-resolver-typescript': [ '3.5.3' ],
98 silly audit   globby: [ '13.1.3', '11.1.0' ],
98 silly audit   slash: [ '4.0.0', '3.0.0' ],
98 silly audit   'eslint-module-utils': [ '2.7.4' ],
98 silly audit   'eslint-plugin-import': [ '2.27.5' ],
98 silly audit   semver: [ '6.3.0', '7.3.8' ],
98 silly audit   'eslint-plugin-jsx-a11y': [ '6.7.1' ],
98 silly audit   'eslint-plugin-react': [ '7.32.2' ],
98 silly audit   'eslint-plugin-react-hooks': [ '4.6.0' ],
98 silly audit   resolve: [ '2.0.0-next.4', '1.22.1' ],
98 silly audit   'eslint-scope': [ '7.1.1' ],
98 silly audit   'eslint-utils': [ '3.0.0' ],
98 silly audit   'eslint-visitor-keys': [ '2.1.0', '3.3.0' ],
98 silly audit   espree: [ '9.4.1' ],
98 silly audit   esquery: [ '1.4.2' ],
98 silly audit   esrecurse: [ '4.3.0' ],
98 silly audit   estraverse: [ '5.3.0' ],
98 silly audit   esutils: [ '2.0.3' ],
98 silly audit   'fast-deep-equal': [ '3.1.3' ],
98 silly audit   'fast-glob': [ '3.2.12' ],
98 silly audit   'glob-parent': [ '5.1.2', '6.0.2' ],
98 silly audit   'fast-json-stable-stringify': [ '2.1.0' ],
98 silly audit   'fast-levenshtein': [ '2.0.6' ],
98 silly audit   fastq: [ '1.15.0' ],
98 silly audit   'file-entry-cache': [ '6.0.1' ],
98 silly audit   'fill-range': [ '7.0.1' ],
98 silly audit   'find-up': [ '5.0.0' ],
98 silly audit   'flat-cache': [ '3.0.4' ],
98 silly audit   flatted: [ '3.2.7' ],
98 silly audit   'for-each': [ '0.3.3' ],
98 silly audit   'fs.realpath': [ '1.0.0' ],
98 silly audit   'function-bind': [ '1.1.1' ],
98 silly audit   'function.prototype.name': [ '1.1.5' ],
98 silly audit   'functions-have-names': [ '1.2.3' ],
98 silly audit   'get-intrinsic': [ '1.2.0' ],
98 silly audit   'get-symbol-description': [ '1.0.0' ],
98 silly audit   'get-tsconfig': [ '4.4.0' ],
98 silly audit   glob: [ '7.1.7' ],
98 silly audit   globals: [ '13.20.0' ],
98 silly audit   globalthis: [ '1.0.3' ],
98 silly audit   globalyzer: [ '0.1.0' ],
98 silly audit   globrex: [ '0.1.2' ],
98 silly audit   gopd: [ '1.0.1' ],
98 silly audit   'graceful-fs': [ '4.2.10' ],
98 silly audit   'grapheme-splitter': [ '1.0.4' ],
98 silly audit   has: [ '1.0.3' ],
98 silly audit   'has-bigints': [ '1.0.2' ],
98 silly audit   'has-flag': [ '4.0.0' ],
98 silly audit   'has-property-descriptors': [ '1.0.0' ],
98 silly audit   'has-proto': [ '1.0.1' ],
98 silly audit   'has-symbols': [ '1.0.3' ],
98 silly audit   'has-tostringtag': [ '1.0.0' ],
98 silly audit   ignore: [ '5.2.4' ],
98 silly audit   'import-fresh': [ '3.3.0' ],
98 silly audit   imurmurhash: [ '0.1.4' ],
98 silly audit   inflight: [ '1.0.6' ],
98 silly audit   inherits: [ '2.0.4' ],
98 silly audit   'internal-slot': [ '1.0.5' ],
98 silly audit   'is-arguments': [ '1.1.1' ],
98 silly audit   'is-array-buffer': [ '3.0.1' ],
98 silly audit   'is-bigint': [ '1.0.4' ],
98 silly audit   'is-boolean-object': [ '1.1.2' ],
98 silly audit   'is-callable': [ '1.2.7' ],
98 silly audit   'is-core-module': [ '2.11.0' ],
98 silly audit   'is-date-object': [ '1.0.5' ],
98 silly audit   'is-docker': [ '2.2.1' ],
98 silly audit   'is-extglob': [ '2.1.1' ],
98 silly audit   'is-glob': [ '4.0.3' ],
98 silly audit   'is-map': [ '2.0.2' ],
98 silly audit   'is-negative-zero': [ '2.0.2' ],
98 silly audit   'is-number': [ '7.0.0' ],
98 silly audit   'is-number-object': [ '1.0.7' ],
98 silly audit   'is-path-inside': [ '3.0.3' ],
98 silly audit   'is-regex': [ '1.1.4' ],
98 silly audit   'is-set': [ '2.0.2' ],
98 silly audit   'is-shared-array-buffer': [ '1.0.2' ],
98 silly audit   'is-string': [ '1.0.7' ],
98 silly audit   'is-symbol': [ '1.0.4' ],
98 silly audit   'is-typed-array': [ '1.1.10' ],
98 silly audit   'is-weakmap': [ '2.0.1' ],
98 silly audit   'is-weakref': [ '1.0.2' ],
98 silly audit   'is-weakset': [ '2.0.2' ],
98 silly audit   'is-wsl': [ '2.2.0' ],
98 silly audit   isarray: [ '2.0.5' ],
98 silly audit   isexe: [ '2.0.0' ],
98 silly audit   'js-sdsl': [ '4.3.0' ],
98 silly audit   'js-tokens': [ '4.0.0' ],
98 silly audit   'js-yaml': [ '4.1.0' ],
98 silly audit   'json-schema-traverse': [ '0.4.1' ],
98 silly audit   'json-stable-stringify-without-jsonify': [ '1.0.1' ],
98 silly audit   json5: [ '1.0.2' ],
98 silly audit   'jsx-ast-utils': [ '3.3.3' ],
98 silly audit   'language-subtag-registry': [ '0.3.22' ],
98 silly audit   'language-tags': [ '1.0.5' ],
98 silly audit   levn: [ '0.4.1' ],
98 silly audit   'locate-path': [ '6.0.0' ],
98 silly audit   'lodash.merge': [ '4.6.2' ],
98 silly audit   'loose-envify': [ '1.4.0' ],
98 silly audit   'lru-cache': [ '6.0.0' ],
98 silly audit   merge2: [ '1.4.1' ],
98 silly audit   'microcms-js-sdk': [ '2.3.2' ],
98 silly audit   micromatch: [ '4.0.5' ],
98 silly audit   minimatch: [ '3.1.2' ],
98 silly audit   minimist: [ '1.2.8' ],
98 silly audit   ms: [ '2.1.2' ],
98 silly audit   nanoid: [ '3.3.4' ],
98 silly audit   'natural-compare': [ '1.4.0' ],
98 silly audit   next: [ '13.1.6' ],
98 silly audit   'node-fetch': [ '2.6.7' ],
98 silly audit   'object-assign': [ '4.1.1' ],
98 silly audit   'object-inspect': [ '1.12.3' ],
98 silly audit   'object-is': [ '1.1.5' ],
98 silly audit   'object-keys': [ '1.1.1' ],
98 silly audit   'object.assign': [ '4.1.4' ],
98 silly audit   'object.entries': [ '1.1.6' ],
98 silly audit   'object.fromentries': [ '2.0.6' ],
98 silly audit   'object.hasown': [ '1.1.2' ],
98 silly audit   'object.values': [ '1.1.6' ],
98 silly audit   once: [ '1.4.0' ],
98 silly audit   open: [ '8.4.1' ],
98 silly audit   optionator: [ '0.9.1' ],
98 silly audit   'p-limit': [ '3.1.0' ],
98 silly audit   'p-locate': [ '5.0.0' ],
98 silly audit   'parent-module': [ '1.0.1' ],
98 silly audit   'path-exists': [ '4.0.0' ],
98 silly audit   'path-is-absolute': [ '1.0.1' ],
98 silly audit   'path-key': [ '3.1.1' ],
98 silly audit   'path-parse': [ '1.0.7' ],
98 silly audit   'path-type': [ '4.0.0' ],
98 silly audit   picocolors: [ '1.0.0' ],
98 silly audit   picomatch: [ '2.3.1' ],
98 silly audit   postcss: [ '8.4.14' ],
98 silly audit   'prelude-ls': [ '1.2.1' ],
98 silly audit   'prop-types': [ '15.8.1' ],
98 silly audit   punycode: [ '2.3.0' ],
98 silly audit   qs: [ '6.11.0' ],
98 silly audit   'queue-microtask': [ '1.2.3' ],
98 silly audit   react: [ '18.2.0' ],
98 silly audit   'react-dom': [ '18.2.0' ],
98 silly audit   'react-is': [ '16.13.1' ],
98 silly audit   'regenerator-runtime': [ '0.13.11' ],
98 silly audit   'regexp.prototype.flags': [ '1.4.3' ],
98 silly audit   regexpp: [ '3.2.0' ],
98 silly audit   'resolve-from': [ '4.0.0' ],
98 silly audit   reusify: [ '1.0.4' ],
98 silly audit   rimraf: [ '3.0.2' ],
98 silly audit   'run-parallel': [ '1.2.0' ],
98 silly audit   'safe-regex-test': [ '1.0.0' ],
98 silly audit   scheduler: [ '0.23.0' ],
98 silly audit   'shebang-command': [ '2.0.0' ],
98 silly audit   'shebang-regex': [ '3.0.0' ],
98 silly audit   'side-channel': [ '1.0.4' ],
98 silly audit   'source-map-js': [ '1.0.2' ],
98 silly audit   'stop-iteration-iterator': [ '1.0.0' ],
98 silly audit   'string.prototype.matchall': [ '4.0.8' ],
98 silly audit   'string.prototype.trimend': [ '1.0.6' ],
98 silly audit   'string.prototype.trimstart': [ '1.0.6' ],
98 silly audit   'strip-ansi': [ '6.0.1' ],
98 silly audit   'strip-bom': [ '3.0.0' ],
98 silly audit   'strip-json-comments': [ '3.1.1' ],
98 silly audit   'styled-jsx': [ '5.1.1' ],
98 silly audit   'supports-color': [ '7.2.0' ],
98 silly audit   'supports-preserve-symlinks-flag': [ '1.0.0' ],
98 silly audit   synckit: [ '0.8.5' ],
98 silly audit   tapable: [ '2.2.1' ],
98 silly audit   'text-table': [ '0.2.0' ],
98 silly audit   'tiny-glob': [ '0.2.9' ],
98 silly audit   'to-regex-range': [ '5.0.1' ],
98 silly audit   tr46: [ '0.0.3' ],
98 silly audit   'tsconfig-paths': [ '3.14.1' ],
98 silly audit   tslib: [ '2.5.0', '1.14.1' ],
98 silly audit   tsutils: [ '3.21.0' ],
98 silly audit   'type-check': [ '0.4.0' ],
98 silly audit   'type-fest': [ '0.20.2' ],
98 silly audit   'typed-array-length': [ '1.0.4' ],
98 silly audit   typescript: [ '4.9.5' ],
98 silly audit   'unbox-primitive': [ '1.0.2' ],
98 silly audit   'uri-js': [ '4.4.1' ],
98 silly audit   'webidl-conversions': [ '3.0.1' ],
98 silly audit   'whatwg-url': [ '5.0.0' ],
98 silly audit   which: [ '2.0.2' ],
98 silly audit   'which-boxed-primitive': [ '1.0.2' ],
98 silly audit   'which-collection': [ '1.0.1' ],
98 silly audit   'which-typed-array': [ '1.1.9' ],
98 silly audit   'word-wrap': [ '1.2.3' ],
98 silly audit   wrappy: [ '1.0.2' ],
98 silly audit   yallist: [ '4.0.0' ],
98 silly audit   'yocto-queue': [ '0.1.0' ],
98 silly audit   'html-react-parser': [ '3.0.9' ],
98 silly audit   domhandler: [ '5.0.3' ],
98 silly audit   'html-dom-parser': [ '3.1.3' ],
98 silly audit   'react-property': [ '2.0.0' ],
98 silly audit   'style-to-js': [ '1.1.3' ],
98 silly audit   domelementtype: [ '2.3.0' ],
98 silly audit   htmlparser2: [ '8.0.1' ],
98 silly audit   domutils: [ '3.0.1' ],
98 silly audit   entities: [ '4.4.0' ],
98 silly audit   'dom-serializer': [ '2.0.0' ],
98 silly audit   'style-to-object': [ '0.4.1' ],
98 silly audit   'inline-style-parser': [ '0.1.1' ]
98 silly audit }
99 verbose reify failed optional dependency /home/vagrant/Project/my-fast-viran/node_modules/@next/swc-win32-x64-msvc
100 silly reify mark deleted [
100 silly reify   '/home/vagrant/Project/my-fast-viran/node_modules/@next/swc-win32-x64-msvc'
100 silly reify ]
101 verbose reify failed optional dependency /home/vagrant/Project/my-fast-viran/node_modules/@next/swc-win32-ia32-msvc
102 silly reify mark deleted [
102 silly reify   '/home/vagrant/Project/my-fast-viran/node_modules/@next/swc-win32-ia32-msvc'
102 silly reify ]
103 verbose reify failed optional dependency /home/vagrant/Project/my-fast-viran/node_modules/@next/swc-win32-arm64-msvc
104 silly reify mark deleted [
104 silly reify   '/home/vagrant/Project/my-fast-viran/node_modules/@next/swc-win32-arm64-msvc'
104 silly reify ]
105 verbose reify failed optional dependency /home/vagrant/Project/my-fast-viran/node_modules/@next/swc-linux-arm64-musl
106 silly reify mark deleted [
106 silly reify   '/home/vagrant/Project/my-fast-viran/node_modules/@next/swc-linux-arm64-musl'
106 silly reify ]
107 verbose reify failed optional dependency /home/vagrant/Project/my-fast-viran/node_modules/@next/swc-linux-arm64-gnu
108 silly reify mark deleted [
108 silly reify   '/home/vagrant/Project/my-fast-viran/node_modules/@next/swc-linux-arm64-gnu'
108 silly reify ]
109 verbose reify failed optional dependency /home/vagrant/Project/my-fast-viran/node_modules/@next/swc-linux-arm-gnueabihf
110 silly reify mark deleted [
110 silly reify   '/home/vagrant/Project/my-fast-viran/node_modules/@next/swc-linux-arm-gnueabihf'
110 silly reify ]
111 verbose reify failed optional dependency /home/vagrant/Project/my-fast-viran/node_modules/@next/swc-freebsd-x64
112 silly reify mark deleted [
112 silly reify   '/home/vagrant/Project/my-fast-viran/node_modules/@next/swc-freebsd-x64'
112 silly reify ]
113 verbose reify failed optional dependency /home/vagrant/Project/my-fast-viran/node_modules/@next/swc-darwin-x64
114 silly reify mark deleted [
114 silly reify   '/home/vagrant/Project/my-fast-viran/node_modules/@next/swc-darwin-x64'
114 silly reify ]
115 verbose reify failed optional dependency /home/vagrant/Project/my-fast-viran/node_modules/@next/swc-darwin-arm64
116 silly reify mark deleted [
116 silly reify   '/home/vagrant/Project/my-fast-viran/node_modules/@next/swc-darwin-arm64'
116 silly reify ]
117 verbose reify failed optional dependency /home/vagrant/Project/my-fast-viran/node_modules/@next/swc-android-arm64
118 silly reify mark deleted [
118 silly reify   '/home/vagrant/Project/my-fast-viran/node_modules/@next/swc-android-arm64'
118 silly reify ]
119 verbose reify failed optional dependency /home/vagrant/Project/my-fast-viran/node_modules/@next/swc-android-arm-eabi
120 silly reify mark deleted [
120 silly reify   '/home/vagrant/Project/my-fast-viran/node_modules/@next/swc-android-arm-eabi'
120 silly reify ]
121 timing reifyNode:node_modules/@next/swc-win32-x64-msvc Completed in 5ms
122 timing reifyNode:node_modules/@next/swc-win32-ia32-msvc Completed in 5ms
123 timing reifyNode:node_modules/@next/swc-win32-arm64-msvc Completed in 5ms
124 timing reifyNode:node_modules/@next/swc-linux-arm64-musl Completed in 5ms
125 timing reifyNode:node_modules/@next/swc-linux-arm64-gnu Completed in 5ms
126 timing reifyNode:node_modules/@next/swc-linux-arm-gnueabihf Completed in 5ms
127 timing reifyNode:node_modules/@next/swc-freebsd-x64 Completed in 5ms
128 timing reifyNode:node_modules/@next/swc-darwin-x64 Completed in 5ms
129 timing reifyNode:node_modules/@next/swc-darwin-arm64 Completed in 5ms
130 timing reifyNode:node_modules/@next/swc-android-arm64 Completed in 5ms
131 timing reifyNode:node_modules/@next/swc-android-arm-eabi Completed in 5ms
132 timing reifyNode:node_modules/react-property Completed in 47ms
133 timing reifyNode:node_modules/inline-style-parser Completed in 48ms
134 timing reifyNode:node_modules/style-to-object Completed in 50ms
135 timing reifyNode:node_modules/domelementtype Completed in 51ms
136 timing reifyNode:node_modules/style-to-js Completed in 52ms
137 timing reifyNode:node_modules/dom-serializer Completed in 56ms
138 timing reifyNode:node_modules/domhandler Completed in 57ms
139 timing reifyNode:node_modules/html-dom-parser Completed in 62ms
140 timing reifyNode:node_modules/html-react-parser Completed in 65ms
141 timing reifyNode:node_modules/htmlparser2 Completed in 70ms
142 timing reifyNode:node_modules/domutils Completed in 72ms
143 timing reifyNode:node_modules/entities Completed in 74ms
144 timing reify:unpack Completed in 75ms
145 timing reify:unretire Completed in 0ms
146 timing build:queue Completed in 1ms
147 timing build:deps Completed in 1ms
148 timing build Completed in 1ms
149 timing reify:build Completed in 1ms
150 timing reify:trash Completed in 0ms
151 timing reify:save Completed in 32ms
152 http fetch POST 200 https://registry.npmjs.org/-/npm/v1/security/advisories/bulk 273ms
153 timing auditReport:getReport Completed in 277ms
154 silly audit report {}
155 timing auditReport:init Completed in 0ms
156 timing reify:audit Completed in 278ms
157 timing reify Completed in 5219ms
158 silly ADD node_modules/inline-style-parser
159 silly ADD node_modules/style-to-object
160 silly ADD node_modules/dom-serializer
161 silly ADD node_modules/entities
162 silly ADD node_modules/domutils
163 silly ADD node_modules/htmlparser2
164 silly ADD node_modules/domelementtype
165 silly ADD node_modules/style-to-js
166 silly ADD node_modules/react-property
167 silly ADD node_modules/html-dom-parser
168 silly ADD node_modules/domhandler
169 silly ADD node_modules/html-react-parser
170 silly ADD
171 silly ADD
172 silly ADD
173 silly ADD
174 silly ADD
175 silly ADD
176 silly ADD
177 silly ADD
178 silly ADD
179 silly ADD
180 silly ADD
181 timing command:install Completed in 5231ms
182 verbose exit 0
183 timing npm Completed in 5251ms
184 info ok
